#
# A fatal error has been detected by the Java Runtime Environment:
#
#  Internal Error (generateOopMap.cpp:2164), pid=6028, tid=6037
#  fatal error: Illegal class file encountered. Try running with -Xverify:all in method processConcluded
#
# JRE version: OpenJDK Runtime Environment (11.0+28) (build 11+28)
# Java VM: OpenJDK 64-Bit Server VM (11+28, mixed mode, tiered, compressed oops, g1 gc, linux-amd64)
# Core dump will be written. Default location: Core dumps may be processed with "/usr/share/apport/apport %p %s %c %d %P" (or dumping to /home/bernardo/IdeaProjects/FSO-TPC1/core.6028)
#
# If you would like to submit a bug report, please visit:
#   http://bugreport.java.com/bugreport/crash.jsp
#

---------------  S U M M A R Y ------------

Command Line: -agentlib:jdwp=transport=dt_socket,address=127.0.0.1:32851,suspend=y,server=n -javaagent:/home/bernardo/Toolbox/apps/IDEA-U/ch-0/182.4505.22/lib/rt/debugger-agent.jar=file:/tmp/capture.props -Dfile.encoding=UTF-8 caoss.simulator.CAOSS

Host: AMD Ryzen 5 1600 Six-Core Processor, 12 cores, 15G, Ubuntu 18.04.1 LTS
Time: Wed Oct 17 13:53:56 2018 WEST elapsed time: 2419 seconds (0d 0h 40m 19s)

---------------  T H R E A D  ---------------

Current thread (0x00007fbc68276800):  VMThread "VM Thread" [stack: 0x00007fbc4c1ee000,0x00007fbc4c2ee000] [id=6037]

Stack: [0x00007fbc4c1ee000,0x00007fbc4c2ee000],  sp=0x00007fbc4c2ebef0,  free space=1015k
Native frames: (J=compiled Java code, A=aot compiled Java code, j=interpreted, Vv=VM code, C=native code)
V  [libjvm.so+0xe570a7]  VMError::report_and_die(int, char const*, char const*, __va_list_tag*, Thread*, unsigned char*, void*, void*, char const*, int, unsigned long)+0x2c7
V  [libjvm.so+0xe57cbf]  VMError::report_and_die(Thread*, void*, char const*, int, char const*, char const*, __va_list_tag*)+0x2f
V  [libjvm.so+0x6ca32a]  report_fatal(char const*, int, char const*, ...)+0x10a
V  [libjvm.so+0x8249f8]  GenerateOopMap::error_work(char const*, __va_list_tag*)+0xb8
V  [libjvm.so+0x824acb]  GenerateOopMap::report_error(char const*, ...) [clone .constprop.79]+0x8b
V  [libjvm.so+0x82990b]  GenerateOopMap::interp_bb(BasicBlock*)+0x3bb
V  [libjvm.so+0x82c21d]  GenerateOopMap::do_interpretation()+0xbd
V  [libjvm.so+0x82c5c9]  GenerateOopMap::compute_map(Thread*)+0x269
V  [libjvm.so+0xc20cca]  OopMapCacheEntry::fill(methodHandle const&, int)+0x20a
V  [libjvm.so+0xc2124b]  OopMapCache::compute_one_oop_map(methodHandle const&, int, InterpreterOopMap*)+0x6b
V  [libjvm.so+0xbb0246]  Method::mask_for(int, InterpreterOopMap*)+0x76
V  [libjvm.so+0xa3ff6c]  VM_GetOrSetLocal::doit()+0x4c
V  [libjvm.so+0xe69908]  VM_Operation::evaluate()+0xd8
V  [libjvm.so+0xe6713f]  VMThread::evaluate_operation(VM_Operation*) [clone .constprop.54]+0xff
V  [libjvm.so+0xe6764e]  VMThread::loop()+0x3be
V  [libjvm.so+0xe67a7b]  VMThread::run()+0x7b
V  [libjvm.so+0xc387d0]  thread_native_entry(Thread*)+0xf0

VM_Operation (0x00007fbc398f38f0): GetOrSetLocal, mode: safepoint, requested by thread 0x00007fbc6836b000


---------------  P R O C E S S  ---------------

Threads class SMR info:
_java_thread_list=0x00007fbbf4000d50, length=13, elements={
0x00007fbc68016800, 0x00007fbc6827e800, 0x00007fbc68282800, 0x00007fbc68294000,
0x00007fbc68296800, 0x00007fbc68298800, 0x00007fbc6829a800, 0x00007fbc68317000,
0x00007fbc6836b000, 0x00007fbc6836f000, 0x00007fbc00001800, 0x00007fbc683de800,
0x00007fbc683ed000
}

Java Threads: ( => current thread )
  0x00007fbc68016800 JavaThread "main" [_thread_blocked, id=6031, stack(0x00007fbc6f92f000,0x00007fbc6fa30000)]
  0x00007fbc6827e800 JavaThread "Reference Handler" daemon [_thread_blocked, id=6038, stack(0x00007fbc4c0eb000,0x00007fbc4c1ec000)]
  0x00007fbc68282800 JavaThread "Finalizer" daemon [_thread_blocked, id=6039, stack(0x00007fbc4018f000,0x00007fbc40290000)]
  0x00007fbc68294000 JavaThread "Signal Dispatcher" daemon [_thread_blocked, id=6040, stack(0x00007fbc4008e000,0x00007fbc4018f000)]
  0x00007fbc68296800 JavaThread "C2 CompilerThread0" daemon [_thread_blocked, id=6041, stack(0x00007fbc39eff000,0x00007fbc3a000000)]
  0x00007fbc68298800 JavaThread "C1 CompilerThread0" daemon [_thread_blocked, id=6042, stack(0x00007fbc39dfe000,0x00007fbc39eff000)]
  0x00007fbc6829a800 JavaThread "Sweeper thread" daemon [_thread_blocked, id=6043, stack(0x00007fbc39cfd000,0x00007fbc39dfe000)]
  0x00007fbc68317000 JavaThread "Common-Cleaner" daemon [_thread_blocked, id=6044, stack(0x00007fbc39bfc000,0x00007fbc39cfd000)]
  0x00007fbc6836b000 JavaThread "JDWP Transport Listener: dt_socket" daemon [_thread_blocked, id=6048, stack(0x00007fbc397f4000,0x00007fbc398f5000)] _threads_hazard_ptr=0x00007fbbf4000d50
  0x00007fbc6836f000 JavaThread "JDWP Event Helper Thread" daemon [_thread_blocked, id=6049, stack(0x00007fbc396f3000,0x00007fbc397f4000)]
  0x00007fbc00001800 JavaThread "JDWP Command Reader" daemon [_thread_in_native, id=6050, stack(0x00007fbc395f2000,0x00007fbc396f3000)]
  0x00007fbc683de800 JavaThread "Service Thread" daemon [_thread_blocked, id=6068, stack(0x00007fbc39afb000,0x00007fbc39bfc000)]
  0x00007fbc683ed000 JavaThread "Thread-0" [_thread_blocked, id=6070, stack(0x00007fbc38fc7000,0x00007fbc390c8000)]

Other Threads:
=>0x00007fbc68276800 VMThread "VM Thread" [stack: 0x00007fbc4c1ee000,0x00007fbc4c2ee000] [id=6037]
  0x00007fbc683e1000 WatcherThread [stack: 0x00007fbc390ca000,0x00007fbc391ca000] [id=6069]
  0x00007fbc68041000 GCTaskThread "GC Thread#0" [stack: 0x00007fbc4fb94000,0x00007fbc4fc94000] [id=6032]
  0x00007fbc6809f800 ConcurrentGCThread "G1 Main Marker" [stack: 0x00007fbc4d800000,0x00007fbc4d900000] [id=6033]
  0x00007fbc680a1000 ConcurrentGCThread "G1 Conc#0" [stack: 0x00007fbc4d6fe000,0x00007fbc4d7fe000] [id=6034]
  0x00007fbc681ab000 ConcurrentGCThread "G1 Refine#0" [stack: 0x00007fbc4cbf2000,0x00007fbc4ccf2000] [id=6035]
  0x00007fbc681ac800 ConcurrentGCThread "G1 Young RemSet Sampling" [stack: 0x00007fbc4caf0000,0x00007fbc4cbf0000] [id=6036]

Threads with active compile tasks:

VM state:at safepoint (normal execution)

VM Mutex/Monitor currently owned by a thread:  ([mutex/lock_event])
[0x00007fbc68012590] Threads_lock - owner thread: 0x00007fbc68276800

Heap address: 0x0000000705200000, size: 4014 MB, Compressed Oops mode: Zero based, Oop shift amount: 3
Narrow klass base: 0x0000000800000000, Narrow klass shift: 0
Compressed class space size: 1073741824 Address: 0x0000000800000000

Heap:
 garbage-first heap   total 258048K, used 9216K [0x0000000705200000, 0x0000000800000000)
  region size 1024K, 10 young (10240K), 0 survivors (0K)
 Metaspace       used 8659K, capacity 9038K, committed 9216K, reserved 1056768K
  class space    used 857K, capacity 997K, committed 1024K, reserved 1048576K
Heap Regions: E=young(eden), S=young(survivor), O=old, HS=humongous(starts), HC=humongous(continues), CS=collection set, F=free, A=archive, TAMS=top-at-mark-start (previous, next)
|   0|0x0000000705200000, 0x0000000705200000, 0x0000000705300000|  0%| F|  |TAMS 0x0000000705200000, 0x0000000705200000| Untracked 
|   1|0x0000000705300000, 0x0000000705300000, 0x0000000705400000|  0%| F|  |TAMS 0x0000000705300000, 0x0000000705300000| Untracked 
|   2|0x0000000705400000, 0x0000000705400000, 0x0000000705500000|  0%| F|  |TAMS 0x0000000705400000, 0x0000000705400000| Untracked 
|   3|0x0000000705500000, 0x0000000705500000, 0x0000000705600000|  0%| F|  |TAMS 0x0000000705500000, 0x0000000705500000| Untracked 
|   4|0x0000000705600000, 0x0000000705600000, 0x0000000705700000|  0%| F|  |TAMS 0x0000000705600000, 0x0000000705600000| Untracked 
|   5|0x0000000705700000, 0x0000000705700000, 0x0000000705800000|  0%| F|  |TAMS 0x0000000705700000, 0x0000000705700000| Untracked 
|   6|0x0000000705800000, 0x0000000705800000, 0x0000000705900000|  0%| F|  |TAMS 0x0000000705800000, 0x0000000705800000| Untracked 
|   7|0x0000000705900000, 0x0000000705900000, 0x0000000705a00000|  0%| F|  |TAMS 0x0000000705900000, 0x0000000705900000| Untracked 
|   8|0x0000000705a00000, 0x0000000705a00000, 0x0000000705b00000|  0%| F|  |TAMS 0x0000000705a00000, 0x0000000705a00000| Untracked 
|   9|0x0000000705b00000, 0x0000000705b00000, 0x0000000705c00000|  0%| F|  |TAMS 0x0000000705b00000, 0x0000000705b00000| Untracked 
|  10|0x0000000705c00000, 0x0000000705c00000, 0x0000000705d00000|  0%| F|  |TAMS 0x0000000705c00000, 0x0000000705c00000| Untracked 
|  11|0x0000000705d00000, 0x0000000705d00000, 0x0000000705e00000|  0%| F|  |TAMS 0x0000000705d00000, 0x0000000705d00000| Untracked 
|  12|0x0000000705e00000, 0x0000000705e00000, 0x0000000705f00000|  0%| F|  |TAMS 0x0000000705e00000, 0x0000000705e00000| Untracked 
|  13|0x0000000705f00000, 0x0000000705f00000, 0x0000000706000000|  0%| F|  |TAMS 0x0000000705f00000, 0x0000000705f00000| Untracked 
|  14|0x0000000706000000, 0x0000000706000000, 0x0000000706100000|  0%| F|  |TAMS 0x0000000706000000, 0x0000000706000000| Untracked 
|  15|0x0000000706100000, 0x0000000706100000, 0x0000000706200000|  0%| F|  |TAMS 0x0000000706100000, 0x0000000706100000| Untracked 
|  16|0x0000000706200000, 0x0000000706200000, 0x0000000706300000|  0%| F|  |TAMS 0x0000000706200000, 0x0000000706200000| Untracked 
|  17|0x0000000706300000, 0x0000000706300000, 0x0000000706400000|  0%| F|  |TAMS 0x0000000706300000, 0x0000000706300000| Untracked 
|  18|0x0000000706400000, 0x0000000706400000, 0x0000000706500000|  0%| F|  |TAMS 0x0000000706400000, 0x0000000706400000| Untracked 
|  19|0x0000000706500000, 0x0000000706500000, 0x0000000706600000|  0%| F|  |TAMS 0x0000000706500000, 0x0000000706500000| Untracked 
|  20|0x0000000706600000, 0x0000000706600000, 0x0000000706700000|  0%| F|  |TAMS 0x0000000706600000, 0x0000000706600000| Untracked 
|  21|0x0000000706700000, 0x0000000706700000, 0x0000000706800000|  0%| F|  |TAMS 0x0000000706700000, 0x0000000706700000| Untracked 
|  22|0x0000000706800000, 0x0000000706800000, 0x0000000706900000|  0%| F|  |TAMS 0x0000000706800000, 0x0000000706800000| Untracked 
|  23|0x0000000706900000, 0x0000000706900000, 0x0000000706a00000|  0%| F|  |TAMS 0x0000000706900000, 0x0000000706900000| Untracked 
|  24|0x0000000706a00000, 0x0000000706a00000, 0x0000000706b00000|  0%| F|  |TAMS 0x0000000706a00000, 0x0000000706a00000| Untracked 
|  25|0x0000000706b00000, 0x0000000706b00000, 0x0000000706c00000|  0%| F|  |TAMS 0x0000000706b00000, 0x0000000706b00000| Untracked 
|  26|0x0000000706c00000, 0x0000000706c00000, 0x0000000706d00000|  0%| F|  |TAMS 0x0000000706c00000, 0x0000000706c00000| Untracked 
|  27|0x0000000706d00000, 0x0000000706d00000, 0x0000000706e00000|  0%| F|  |TAMS 0x0000000706d00000, 0x0000000706d00000| Untracked 
|  28|0x0000000706e00000, 0x0000000706e00000, 0x0000000706f00000|  0%| F|  |TAMS 0x0000000706e00000, 0x0000000706e00000| Untracked 
|  29|0x0000000706f00000, 0x0000000706f00000, 0x0000000707000000|  0%| F|  |TAMS 0x0000000706f00000, 0x0000000706f00000| Untracked 
|  30|0x0000000707000000, 0x0000000707000000, 0x0000000707100000|  0%| F|  |TAMS 0x0000000707000000, 0x0000000707000000| Untracked 
|  31|0x0000000707100000, 0x0000000707100000, 0x0000000707200000|  0%| F|  |TAMS 0x0000000707100000, 0x0000000707100000| Untracked 
|  32|0x0000000707200000, 0x0000000707200000, 0x0000000707300000|  0%| F|  |TAMS 0x0000000707200000, 0x0000000707200000| Untracked 
|  33|0x0000000707300000, 0x0000000707300000, 0x0000000707400000|  0%| F|  |TAMS 0x0000000707300000, 0x0000000707300000| Untracked 
|  34|0x0000000707400000, 0x0000000707400000, 0x0000000707500000|  0%| F|  |TAMS 0x0000000707400000, 0x0000000707400000| Untracked 
|  35|0x0000000707500000, 0x0000000707500000, 0x0000000707600000|  0%| F|  |TAMS 0x0000000707500000, 0x0000000707500000| Untracked 
|  36|0x0000000707600000, 0x0000000707600000, 0x0000000707700000|  0%| F|  |TAMS 0x0000000707600000, 0x0000000707600000| Untracked 
|  37|0x0000000707700000, 0x0000000707700000, 0x0000000707800000|  0%| F|  |TAMS 0x0000000707700000, 0x0000000707700000| Untracked 
|  38|0x0000000707800000, 0x0000000707800000, 0x0000000707900000|  0%| F|  |TAMS 0x0000000707800000, 0x0000000707800000| Untracked 
|  39|0x0000000707900000, 0x0000000707900000, 0x0000000707a00000|  0%| F|  |TAMS 0x0000000707900000, 0x0000000707900000| Untracked 
|  40|0x0000000707a00000, 0x0000000707a00000, 0x0000000707b00000|  0%| F|  |TAMS 0x0000000707a00000, 0x0000000707a00000| Untracked 
|  41|0x0000000707b00000, 0x0000000707b00000, 0x0000000707c00000|  0%| F|  |TAMS 0x0000000707b00000, 0x0000000707b00000| Untracked 
|  42|0x0000000707c00000, 0x0000000707c00000, 0x0000000707d00000|  0%| F|  |TAMS 0x0000000707c00000, 0x0000000707c00000| Untracked 
|  43|0x0000000707d00000, 0x0000000707d00000, 0x0000000707e00000|  0%| F|  |TAMS 0x0000000707d00000, 0x0000000707d00000| Untracked 
|  44|0x0000000707e00000, 0x0000000707e00000, 0x0000000707f00000|  0%| F|  |TAMS 0x0000000707e00000, 0x0000000707e00000| Untracked 
|  45|0x0000000707f00000, 0x0000000707f00000, 0x0000000708000000|  0%| F|  |TAMS 0x0000000707f00000, 0x0000000707f00000| Untracked 
|  46|0x0000000708000000, 0x0000000708000000, 0x0000000708100000|  0%| F|  |TAMS 0x0000000708000000, 0x0000000708000000| Untracked 
|  47|0x0000000708100000, 0x0000000708100000, 0x0000000708200000|  0%| F|  |TAMS 0x0000000708100000, 0x0000000708100000| Untracked 
|  48|0x0000000708200000, 0x0000000708200000, 0x0000000708300000|  0%| F|  |TAMS 0x0000000708200000, 0x0000000708200000| Untracked 
|  49|0x0000000708300000, 0x0000000708300000, 0x0000000708400000|  0%| F|  |TAMS 0x0000000708300000, 0x0000000708300000| Untracked 
|  50|0x0000000708400000, 0x0000000708400000, 0x0000000708500000|  0%| F|  |TAMS 0x0000000708400000, 0x0000000708400000| Untracked 
|  51|0x0000000708500000, 0x0000000708500000, 0x0000000708600000|  0%| F|  |TAMS 0x0000000708500000, 0x0000000708500000| Untracked 
|  52|0x0000000708600000, 0x0000000708600000, 0x0000000708700000|  0%| F|  |TAMS 0x0000000708600000, 0x0000000708600000| Untracked 
|  53|0x0000000708700000, 0x0000000708700000, 0x0000000708800000|  0%| F|  |TAMS 0x0000000708700000, 0x0000000708700000| Untracked 
|  54|0x0000000708800000, 0x0000000708800000, 0x0000000708900000|  0%| F|  |TAMS 0x0000000708800000, 0x0000000708800000| Untracked 
|  55|0x0000000708900000, 0x0000000708900000, 0x0000000708a00000|  0%| F|  |TAMS 0x0000000708900000, 0x0000000708900000| Untracked 
|  56|0x0000000708a00000, 0x0000000708a00000, 0x0000000708b00000|  0%| F|  |TAMS 0x0000000708a00000, 0x0000000708a00000| Untracked 
|  57|0x0000000708b00000, 0x0000000708b00000, 0x0000000708c00000|  0%| F|  |TAMS 0x0000000708b00000, 0x0000000708b00000| Untracked 
|  58|0x0000000708c00000, 0x0000000708c00000, 0x0000000708d00000|  0%| F|  |TAMS 0x0000000708c00000, 0x0000000708c00000| Untracked 
|  59|0x0000000708d00000, 0x0000000708d00000, 0x0000000708e00000|  0%| F|  |TAMS 0x0000000708d00000, 0x0000000708d00000| Untracked 
|  60|0x0000000708e00000, 0x0000000708e00000, 0x0000000708f00000|  0%| F|  |TAMS 0x0000000708e00000, 0x0000000708e00000| Untracked 
|  61|0x0000000708f00000, 0x0000000708f00000, 0x0000000709000000|  0%| F|  |TAMS 0x0000000708f00000, 0x0000000708f00000| Untracked 
|  62|0x0000000709000000, 0x0000000709000000, 0x0000000709100000|  0%| F|  |TAMS 0x0000000709000000, 0x0000000709000000| Untracked 
|  63|0x0000000709100000, 0x0000000709100000, 0x0000000709200000|  0%| F|  |TAMS 0x0000000709100000, 0x0000000709100000| Untracked 
|  64|0x0000000709200000, 0x0000000709200000, 0x0000000709300000|  0%| F|  |TAMS 0x0000000709200000, 0x0000000709200000| Untracked 
|  65|0x0000000709300000, 0x0000000709300000, 0x0000000709400000|  0%| F|  |TAMS 0x0000000709300000, 0x0000000709300000| Untracked 
|  66|0x0000000709400000, 0x0000000709400000, 0x0000000709500000|  0%| F|  |TAMS 0x0000000709400000, 0x0000000709400000| Untracked 
|  67|0x0000000709500000, 0x0000000709500000, 0x0000000709600000|  0%| F|  |TAMS 0x0000000709500000, 0x0000000709500000| Untracked 
|  68|0x0000000709600000, 0x0000000709600000, 0x0000000709700000|  0%| F|  |TAMS 0x0000000709600000, 0x0000000709600000| Untracked 
|  69|0x0000000709700000, 0x0000000709700000, 0x0000000709800000|  0%| F|  |TAMS 0x0000000709700000, 0x0000000709700000| Untracked 
|  70|0x0000000709800000, 0x0000000709800000, 0x0000000709900000|  0%| F|  |TAMS 0x0000000709800000, 0x0000000709800000| Untracked 
|  71|0x0000000709900000, 0x0000000709900000, 0x0000000709a00000|  0%| F|  |TAMS 0x0000000709900000, 0x0000000709900000| Untracked 
|  72|0x0000000709a00000, 0x0000000709a00000, 0x0000000709b00000|  0%| F|  |TAMS 0x0000000709a00000, 0x0000000709a00000| Untracked 
|  73|0x0000000709b00000, 0x0000000709b00000, 0x0000000709c00000|  0%| F|  |TAMS 0x0000000709b00000, 0x0000000709b00000| Untracked 
|  74|0x0000000709c00000, 0x0000000709c00000, 0x0000000709d00000|  0%| F|  |TAMS 0x0000000709c00000, 0x0000000709c00000| Untracked 
|  75|0x0000000709d00000, 0x0000000709d00000, 0x0000000709e00000|  0%| F|  |TAMS 0x0000000709d00000, 0x0000000709d00000| Untracked 
|  76|0x0000000709e00000, 0x0000000709e00000, 0x0000000709f00000|  0%| F|  |TAMS 0x0000000709e00000, 0x0000000709e00000| Untracked 
|  77|0x0000000709f00000, 0x0000000709f00000, 0x000000070a000000|  0%| F|  |TAMS 0x0000000709f00000, 0x0000000709f00000| Untracked 
|  78|0x000000070a000000, 0x000000070a000000, 0x000000070a100000|  0%| F|  |TAMS 0x000000070a000000, 0x000000070a000000| Untracked 
|  79|0x000000070a100000, 0x000000070a100000, 0x000000070a200000|  0%| F|  |TAMS 0x000000070a100000, 0x000000070a100000| Untracked 
|  80|0x000000070a200000, 0x000000070a200000, 0x000000070a300000|  0%| F|  |TAMS 0x000000070a200000, 0x000000070a200000| Untracked 
|  81|0x000000070a300000, 0x000000070a300000, 0x000000070a400000|  0%| F|  |TAMS 0x000000070a300000, 0x000000070a300000| Untracked 
|  82|0x000000070a400000, 0x000000070a400000, 0x000000070a500000|  0%| F|  |TAMS 0x000000070a400000, 0x000000070a400000| Untracked 
|  83|0x000000070a500000, 0x000000070a500000, 0x000000070a600000|  0%| F|  |TAMS 0x000000070a500000, 0x000000070a500000| Untracked 
|  84|0x000000070a600000, 0x000000070a600000, 0x000000070a700000|  0%| F|  |TAMS 0x000000070a600000, 0x000000070a600000| Untracked 
|  85|0x000000070a700000, 0x000000070a700000, 0x000000070a800000|  0%| F|  |TAMS 0x000000070a700000, 0x000000070a700000| Untracked 
|  86|0x000000070a800000, 0x000000070a800000, 0x000000070a900000|  0%| F|  |TAMS 0x000000070a800000, 0x000000070a800000| Untracked 
|  87|0x000000070a900000, 0x000000070a900000, 0x000000070aa00000|  0%| F|  |TAMS 0x000000070a900000, 0x000000070a900000| Untracked 
|  88|0x000000070aa00000, 0x000000070aa00000, 0x000000070ab00000|  0%| F|  |TAMS 0x000000070aa00000, 0x000000070aa00000| Untracked 
|  89|0x000000070ab00000, 0x000000070ab00000, 0x000000070ac00000|  0%| F|  |TAMS 0x000000070ab00000, 0x000000070ab00000| Untracked 
|  90|0x000000070ac00000, 0x000000070ac00000, 0x000000070ad00000|  0%| F|  |TAMS 0x000000070ac00000, 0x000000070ac00000| Untracked 
|  91|0x000000070ad00000, 0x000000070ad00000, 0x000000070ae00000|  0%| F|  |TAMS 0x000000070ad00000, 0x000000070ad00000| Untracked 
|  92|0x000000070ae00000, 0x000000070ae00000, 0x000000070af00000|  0%| F|  |TAMS 0x000000070ae00000, 0x000000070ae00000| Untracked 
|  93|0x000000070af00000, 0x000000070af00000, 0x000000070b000000|  0%| F|  |TAMS 0x000000070af00000, 0x000000070af00000| Untracked 
|  94|0x000000070b000000, 0x000000070b000000, 0x000000070b100000|  0%| F|  |TAMS 0x000000070b000000, 0x000000070b000000| Untracked 
|  95|0x000000070b100000, 0x000000070b100000, 0x000000070b200000|  0%| F|  |TAMS 0x000000070b100000, 0x000000070b100000| Untracked 
|  96|0x000000070b200000, 0x000000070b200000, 0x000000070b300000|  0%| F|  |TAMS 0x000000070b200000, 0x000000070b200000| Untracked 
|  97|0x000000070b300000, 0x000000070b300000, 0x000000070b400000|  0%| F|  |TAMS 0x000000070b300000, 0x000000070b300000| Untracked 
|  98|0x000000070b400000, 0x000000070b400000, 0x000000070b500000|  0%| F|  |TAMS 0x000000070b400000, 0x000000070b400000| Untracked 
|  99|0x000000070b500000, 0x000000070b500000, 0x000000070b600000|  0%| F|  |TAMS 0x000000070b500000, 0x000000070b500000| Untracked 
| 100|0x000000070b600000, 0x000000070b600000, 0x000000070b700000|  0%| F|  |TAMS 0x000000070b600000, 0x000000070b600000| Untracked 
| 101|0x000000070b700000, 0x000000070b700000, 0x000000070b800000|  0%| F|  |TAMS 0x000000070b700000, 0x000000070b700000| Untracked 
| 102|0x000000070b800000, 0x000000070b800000, 0x000000070b900000|  0%| F|  |TAMS 0x000000070b800000, 0x000000070b800000| Untracked 
| 103|0x000000070b900000, 0x000000070b900000, 0x000000070ba00000|  0%| F|  |TAMS 0x000000070b900000, 0x000000070b900000| Untracked 
| 104|0x000000070ba00000, 0x000000070ba00000, 0x000000070bb00000|  0%| F|  |TAMS 0x000000070ba00000, 0x000000070ba00000| Untracked 
| 105|0x000000070bb00000, 0x000000070bb00000, 0x000000070bc00000|  0%| F|  |TAMS 0x000000070bb00000, 0x000000070bb00000| Untracked 
| 106|0x000000070bc00000, 0x000000070bc00000, 0x000000070bd00000|  0%| F|  |TAMS 0x000000070bc00000, 0x000000070bc00000| Untracked 
| 107|0x000000070bd00000, 0x000000070bd00000, 0x000000070be00000|  0%| F|  |TAMS 0x000000070bd00000, 0x000000070bd00000| Untracked 
| 108|0x000000070be00000, 0x000000070be00000, 0x000000070bf00000|  0%| F|  |TAMS 0x000000070be00000, 0x000000070be00000| Untracked 
| 109|0x000000070bf00000, 0x000000070bf00000, 0x000000070c000000|  0%| F|  |TAMS 0x000000070bf00000, 0x000000070bf00000| Untracked 
| 110|0x000000070c000000, 0x000000070c000000, 0x000000070c100000|  0%| F|  |TAMS 0x000000070c000000, 0x000000070c000000| Untracked 
| 111|0x000000070c100000, 0x000000070c100000, 0x000000070c200000|  0%| F|  |TAMS 0x000000070c100000, 0x000000070c100000| Untracked 
| 112|0x000000070c200000, 0x000000070c200000, 0x000000070c300000|  0%| F|  |TAMS 0x000000070c200000, 0x000000070c200000| Untracked 
| 113|0x000000070c300000, 0x000000070c300000, 0x000000070c400000|  0%| F|  |TAMS 0x000000070c300000, 0x000000070c300000| Untracked 
| 114|0x000000070c400000, 0x000000070c400000, 0x000000070c500000|  0%| F|  |TAMS 0x000000070c400000, 0x000000070c400000| Untracked 
| 115|0x000000070c500000, 0x000000070c500000, 0x000000070c600000|  0%| F|  |TAMS 0x000000070c500000, 0x000000070c500000| Untracked 
| 116|0x000000070c600000, 0x000000070c600000, 0x000000070c700000|  0%| F|  |TAMS 0x000000070c600000, 0x000000070c600000| Untracked 
| 117|0x000000070c700000, 0x000000070c700000, 0x000000070c800000|  0%| F|  |TAMS 0x000000070c700000, 0x000000070c700000| Untracked 
| 118|0x000000070c800000, 0x000000070c800000, 0x000000070c900000|  0%| F|  |TAMS 0x000000070c800000, 0x000000070c800000| Untracked 
| 119|0x000000070c900000, 0x000000070c900000, 0x000000070ca00000|  0%| F|  |TAMS 0x000000070c900000, 0x000000070c900000| Untracked 
| 120|0x000000070ca00000, 0x000000070ca00000, 0x000000070cb00000|  0%| F|  |TAMS 0x000000070ca00000, 0x000000070ca00000| Untracked 
| 121|0x000000070cb00000, 0x000000070cb00000, 0x000000070cc00000|  0%| F|  |TAMS 0x000000070cb00000, 0x000000070cb00000| Untracked 
| 122|0x000000070cc00000, 0x000000070cc00000, 0x000000070cd00000|  0%| F|  |TAMS 0x000000070cc00000, 0x000000070cc00000| Untracked 
| 123|0x000000070cd00000, 0x000000070cd00000, 0x000000070ce00000|  0%| F|  |TAMS 0x000000070cd00000, 0x000000070cd00000| Untracked 
| 124|0x000000070ce00000, 0x000000070ce00000, 0x000000070cf00000|  0%| F|  |TAMS 0x000000070ce00000, 0x000000070ce00000| Untracked 
| 125|0x000000070cf00000, 0x000000070cf00000, 0x000000070d000000|  0%| F|  |TAMS 0x000000070cf00000, 0x000000070cf00000| Untracked 
| 126|0x000000070d000000, 0x000000070d000000, 0x000000070d100000|  0%| F|  |TAMS 0x000000070d000000, 0x000000070d000000| Untracked 
| 127|0x000000070d100000, 0x000000070d100000, 0x000000070d200000|  0%| F|  |TAMS 0x000000070d100000, 0x000000070d100000| Untracked 
| 128|0x000000070d200000, 0x000000070d200000, 0x000000070d300000|  0%| F|  |TAMS 0x000000070d200000, 0x000000070d200000| Untracked 
| 129|0x000000070d300000, 0x000000070d300000, 0x000000070d400000|  0%| F|  |TAMS 0x000000070d300000, 0x000000070d300000| Untracked 
| 130|0x000000070d400000, 0x000000070d400000, 0x000000070d500000|  0%| F|  |TAMS 0x000000070d400000, 0x000000070d400000| Untracked 
| 131|0x000000070d500000, 0x000000070d500000, 0x000000070d600000|  0%| F|  |TAMS 0x000000070d500000, 0x000000070d500000| Untracked 
| 132|0x000000070d600000, 0x000000070d600000, 0x000000070d700000|  0%| F|  |TAMS 0x000000070d600000, 0x000000070d600000| Untracked 
| 133|0x000000070d700000, 0x000000070d700000, 0x000000070d800000|  0%| F|  |TAMS 0x000000070d700000, 0x000000070d700000| Untracked 
| 134|0x000000070d800000, 0x000000070d800000, 0x000000070d900000|  0%| F|  |TAMS 0x000000070d800000, 0x000000070d800000| Untracked 
| 135|0x000000070d900000, 0x000000070d900000, 0x000000070da00000|  0%| F|  |TAMS 0x000000070d900000, 0x000000070d900000| Untracked 
| 136|0x000000070da00000, 0x000000070da00000, 0x000000070db00000|  0%| F|  |TAMS 0x000000070da00000, 0x000000070da00000| Untracked 
| 137|0x000000070db00000, 0x000000070db00000, 0x000000070dc00000|  0%| F|  |TAMS 0x000000070db00000, 0x000000070db00000| Untracked 
| 138|0x000000070dc00000, 0x000000070dc00000, 0x000000070dd00000|  0%| F|  |TAMS 0x000000070dc00000, 0x000000070dc00000| Untracked 
| 139|0x000000070dd00000, 0x000000070dd00000, 0x000000070de00000|  0%| F|  |TAMS 0x000000070dd00000, 0x000000070dd00000| Untracked 
| 140|0x000000070de00000, 0x000000070de00000, 0x000000070df00000|  0%| F|  |TAMS 0x000000070de00000, 0x000000070de00000| Untracked 
| 141|0x000000070df00000, 0x000000070df00000, 0x000000070e000000|  0%| F|  |TAMS 0x000000070df00000, 0x000000070df00000| Untracked 
| 142|0x000000070e000000, 0x000000070e000000, 0x000000070e100000|  0%| F|  |TAMS 0x000000070e000000, 0x000000070e000000| Untracked 
| 143|0x000000070e100000, 0x000000070e100000, 0x000000070e200000|  0%| F|  |TAMS 0x000000070e100000, 0x000000070e100000| Untracked 
| 144|0x000000070e200000, 0x000000070e200000, 0x000000070e300000|  0%| F|  |TAMS 0x000000070e200000, 0x000000070e200000| Untracked 
| 145|0x000000070e300000, 0x000000070e300000, 0x000000070e400000|  0%| F|  |TAMS 0x000000070e300000, 0x000000070e300000| Untracked 
| 146|0x000000070e400000, 0x000000070e400000, 0x000000070e500000|  0%| F|  |TAMS 0x000000070e400000, 0x000000070e400000| Untracked 
| 147|0x000000070e500000, 0x000000070e500000, 0x000000070e600000|  0%| F|  |TAMS 0x000000070e500000, 0x000000070e500000| Untracked 
| 148|0x000000070e600000, 0x000000070e600000, 0x000000070e700000|  0%| F|  |TAMS 0x000000070e600000, 0x000000070e600000| Untracked 
| 149|0x000000070e700000, 0x000000070e700000, 0x000000070e800000|  0%| F|  |TAMS 0x000000070e700000, 0x000000070e700000| Untracked 
| 150|0x000000070e800000, 0x000000070e800000, 0x000000070e900000|  0%| F|  |TAMS 0x000000070e800000, 0x000000070e800000| Untracked 
| 151|0x000000070e900000, 0x000000070e900000, 0x000000070ea00000|  0%| F|  |TAMS 0x000000070e900000, 0x000000070e900000| Untracked 
| 152|0x000000070ea00000, 0x000000070ea00000, 0x000000070eb00000|  0%| F|  |TAMS 0x000000070ea00000, 0x000000070ea00000| Untracked 
| 153|0x000000070eb00000, 0x000000070eb00000, 0x000000070ec00000|  0%| F|  |TAMS 0x000000070eb00000, 0x000000070eb00000| Untracked 
| 154|0x000000070ec00000, 0x000000070ec00000, 0x000000070ed00000|  0%| F|  |TAMS 0x000000070ec00000, 0x000000070ec00000| Untracked 
| 155|0x000000070ed00000, 0x000000070ed00000, 0x000000070ee00000|  0%| F|  |TAMS 0x000000070ed00000, 0x000000070ed00000| Untracked 
| 156|0x000000070ee00000, 0x000000070ee00000, 0x000000070ef00000|  0%| F|  |TAMS 0x000000070ee00000, 0x000000070ee00000| Untracked 
| 157|0x000000070ef00000, 0x000000070ef00000, 0x000000070f000000|  0%| F|  |TAMS 0x000000070ef00000, 0x000000070ef00000| Untracked 
| 158|0x000000070f000000, 0x000000070f000000, 0x000000070f100000|  0%| F|  |TAMS 0x000000070f000000, 0x000000070f000000| Untracked 
| 159|0x000000070f100000, 0x000000070f100000, 0x000000070f200000|  0%| F|  |TAMS 0x000000070f100000, 0x000000070f100000| Untracked 
| 160|0x000000070f200000, 0x000000070f200000, 0x000000070f300000|  0%| F|  |TAMS 0x000000070f200000, 0x000000070f200000| Untracked 
| 161|0x000000070f300000, 0x000000070f300000, 0x000000070f400000|  0%| F|  |TAMS 0x000000070f300000, 0x000000070f300000| Untracked 
| 162|0x000000070f400000, 0x000000070f400000, 0x000000070f500000|  0%| F|  |TAMS 0x000000070f400000, 0x000000070f400000| Untracked 
| 163|0x000000070f500000, 0x000000070f500000, 0x000000070f600000|  0%| F|  |TAMS 0x000000070f500000, 0x000000070f500000| Untracked 
| 164|0x000000070f600000, 0x000000070f600000, 0x000000070f700000|  0%| F|  |TAMS 0x000000070f600000, 0x000000070f600000| Untracked 
| 165|0x000000070f700000, 0x000000070f700000, 0x000000070f800000|  0%| F|  |TAMS 0x000000070f700000, 0x000000070f700000| Untracked 
| 166|0x000000070f800000, 0x000000070f800000, 0x000000070f900000|  0%| F|  |TAMS 0x000000070f800000, 0x000000070f800000| Untracked 
| 167|0x000000070f900000, 0x000000070f900000, 0x000000070fa00000|  0%| F|  |TAMS 0x000000070f900000, 0x000000070f900000| Untracked 
| 168|0x000000070fa00000, 0x000000070fa00000, 0x000000070fb00000|  0%| F|  |TAMS 0x000000070fa00000, 0x000000070fa00000| Untracked 
| 169|0x000000070fb00000, 0x000000070fb00000, 0x000000070fc00000|  0%| F|  |TAMS 0x000000070fb00000, 0x000000070fb00000| Untracked 
| 170|0x000000070fc00000, 0x000000070fc00000, 0x000000070fd00000|  0%| F|  |TAMS 0x000000070fc00000, 0x000000070fc00000| Untracked 
| 171|0x000000070fd00000, 0x000000070fd00000, 0x000000070fe00000|  0%| F|  |TAMS 0x000000070fd00000, 0x000000070fd00000| Untracked 
| 172|0x000000070fe00000, 0x000000070fe00000, 0x000000070ff00000|  0%| F|  |TAMS 0x000000070fe00000, 0x000000070fe00000| Untracked 
| 173|0x000000070ff00000, 0x000000070ff00000, 0x0000000710000000|  0%| F|  |TAMS 0x000000070ff00000, 0x000000070ff00000| Untracked 
| 174|0x0000000710000000, 0x0000000710000000, 0x0000000710100000|  0%| F|  |TAMS 0x0000000710000000, 0x0000000710000000| Untracked 
| 175|0x0000000710100000, 0x0000000710100000, 0x0000000710200000|  0%| F|  |TAMS 0x0000000710100000, 0x0000000710100000| Untracked 
| 176|0x0000000710200000, 0x0000000710200000, 0x0000000710300000|  0%| F|  |TAMS 0x0000000710200000, 0x0000000710200000| Untracked 
| 177|0x0000000710300000, 0x0000000710300000, 0x0000000710400000|  0%| F|  |TAMS 0x0000000710300000, 0x0000000710300000| Untracked 
| 178|0x0000000710400000, 0x0000000710400000, 0x0000000710500000|  0%| F|  |TAMS 0x0000000710400000, 0x0000000710400000| Untracked 
| 179|0x0000000710500000, 0x0000000710500000, 0x0000000710600000|  0%| F|  |TAMS 0x0000000710500000, 0x0000000710500000| Untracked 
| 180|0x0000000710600000, 0x0000000710600000, 0x0000000710700000|  0%| F|  |TAMS 0x0000000710600000, 0x0000000710600000| Untracked 
| 181|0x0000000710700000, 0x0000000710700000, 0x0000000710800000|  0%| F|  |TAMS 0x0000000710700000, 0x0000000710700000| Untracked 
| 182|0x0000000710800000, 0x0000000710800000, 0x0000000710900000|  0%| F|  |TAMS 0x0000000710800000, 0x0000000710800000| Untracked 
| 183|0x0000000710900000, 0x0000000710900000, 0x0000000710a00000|  0%| F|  |TAMS 0x0000000710900000, 0x0000000710900000| Untracked 
| 184|0x0000000710a00000, 0x0000000710a00000, 0x0000000710b00000|  0%| F|  |TAMS 0x0000000710a00000, 0x0000000710a00000| Untracked 
| 185|0x0000000710b00000, 0x0000000710b00000, 0x0000000710c00000|  0%| F|  |TAMS 0x0000000710b00000, 0x0000000710b00000| Untracked 
| 186|0x0000000710c00000, 0x0000000710c00000, 0x0000000710d00000|  0%| F|  |TAMS 0x0000000710c00000, 0x0000000710c00000| Untracked 
| 187|0x0000000710d00000, 0x0000000710d00000, 0x0000000710e00000|  0%| F|  |TAMS 0x0000000710d00000, 0x0000000710d00000| Untracked 
| 188|0x0000000710e00000, 0x0000000710e00000, 0x0000000710f00000|  0%| F|  |TAMS 0x0000000710e00000, 0x0000000710e00000| Untracked 
| 189|0x0000000710f00000, 0x0000000710f00000, 0x0000000711000000|  0%| F|  |TAMS 0x0000000710f00000, 0x0000000710f00000| Untracked 
| 190|0x0000000711000000, 0x0000000711000000, 0x0000000711100000|  0%| F|  |TAMS 0x0000000711000000, 0x0000000711000000| Untracked 
| 191|0x0000000711100000, 0x0000000711100000, 0x0000000711200000|  0%| F|  |TAMS 0x0000000711100000, 0x0000000711100000| Untracked 
| 192|0x0000000711200000, 0x0000000711200000, 0x0000000711300000|  0%| F|  |TAMS 0x0000000711200000, 0x0000000711200000| Untracked 
| 193|0x0000000711300000, 0x0000000711300000, 0x0000000711400000|  0%| F|  |TAMS 0x0000000711300000, 0x0000000711300000| Untracked 
| 194|0x0000000711400000, 0x0000000711400000, 0x0000000711500000|  0%| F|  |TAMS 0x0000000711400000, 0x0000000711400000| Untracked 
| 195|0x0000000711500000, 0x0000000711500000, 0x0000000711600000|  0%| F|  |TAMS 0x0000000711500000, 0x0000000711500000| Untracked 
| 196|0x0000000711600000, 0x0000000711600000, 0x0000000711700000|  0%| F|  |TAMS 0x0000000711600000, 0x0000000711600000| Untracked 
| 197|0x0000000711700000, 0x0000000711700000, 0x0000000711800000|  0%| F|  |TAMS 0x0000000711700000, 0x0000000711700000| Untracked 
| 198|0x0000000711800000, 0x0000000711800000, 0x0000000711900000|  0%| F|  |TAMS 0x0000000711800000, 0x0000000711800000| Untracked 
| 199|0x0000000711900000, 0x0000000711900000, 0x0000000711a00000|  0%| F|  |TAMS 0x0000000711900000, 0x0000000711900000| Untracked 
| 200|0x0000000711a00000, 0x0000000711a00000, 0x0000000711b00000|  0%| F|  |TAMS 0x0000000711a00000, 0x0000000711a00000| Untracked 
| 201|0x0000000711b00000, 0x0000000711b00000, 0x0000000711c00000|  0%| F|  |TAMS 0x0000000711b00000, 0x0000000711b00000| Untracked 
| 202|0x0000000711c00000, 0x0000000711c00000, 0x0000000711d00000|  0%| F|  |TAMS 0x0000000711c00000, 0x0000000711c00000| Untracked 
| 203|0x0000000711d00000, 0x0000000711d00000, 0x0000000711e00000|  0%| F|  |TAMS 0x0000000711d00000, 0x0000000711d00000| Untracked 
| 204|0x0000000711e00000, 0x0000000711e00000, 0x0000000711f00000|  0%| F|  |TAMS 0x0000000711e00000, 0x0000000711e00000| Untracked 
| 205|0x0000000711f00000, 0x0000000711f00000, 0x0000000712000000|  0%| F|  |TAMS 0x0000000711f00000, 0x0000000711f00000| Untracked 
| 206|0x0000000712000000, 0x0000000712000000, 0x0000000712100000|  0%| F|  |TAMS 0x0000000712000000, 0x0000000712000000| Untracked 
| 207|0x0000000712100000, 0x0000000712100000, 0x0000000712200000|  0%| F|  |TAMS 0x0000000712100000, 0x0000000712100000| Untracked 
| 208|0x0000000712200000, 0x0000000712200000, 0x0000000712300000|  0%| F|  |TAMS 0x0000000712200000, 0x0000000712200000| Untracked 
| 209|0x0000000712300000, 0x0000000712300000, 0x0000000712400000|  0%| F|  |TAMS 0x0000000712300000, 0x0000000712300000| Untracked 
| 210|0x0000000712400000, 0x0000000712400000, 0x0000000712500000|  0%| F|  |TAMS 0x0000000712400000, 0x0000000712400000| Untracked 
| 211|0x0000000712500000, 0x0000000712500000, 0x0000000712600000|  0%| F|  |TAMS 0x0000000712500000, 0x0000000712500000| Untracked 
| 212|0x0000000712600000, 0x0000000712600000, 0x0000000712700000|  0%| F|  |TAMS 0x0000000712600000, 0x0000000712600000| Untracked 
| 213|0x0000000712700000, 0x0000000712700000, 0x0000000712800000|  0%| F|  |TAMS 0x0000000712700000, 0x0000000712700000| Untracked 
| 214|0x0000000712800000, 0x0000000712800000, 0x0000000712900000|  0%| F|  |TAMS 0x0000000712800000, 0x0000000712800000| Untracked 
| 215|0x0000000712900000, 0x0000000712900000, 0x0000000712a00000|  0%| F|  |TAMS 0x0000000712900000, 0x0000000712900000| Untracked 
| 216|0x0000000712a00000, 0x0000000712a00000, 0x0000000712b00000|  0%| F|  |TAMS 0x0000000712a00000, 0x0000000712a00000| Untracked 
| 217|0x0000000712b00000, 0x0000000712b00000, 0x0000000712c00000|  0%| F|  |TAMS 0x0000000712b00000, 0x0000000712b00000| Untracked 
| 218|0x0000000712c00000, 0x0000000712c00000, 0x0000000712d00000|  0%| F|  |TAMS 0x0000000712c00000, 0x0000000712c00000| Untracked 
| 219|0x0000000712d00000, 0x0000000712d00000, 0x0000000712e00000|  0%| F|  |TAMS 0x0000000712d00000, 0x0000000712d00000| Untracked 
| 220|0x0000000712e00000, 0x0000000712e00000, 0x0000000712f00000|  0%| F|  |TAMS 0x0000000712e00000, 0x0000000712e00000| Untracked 
| 221|0x0000000712f00000, 0x0000000712f00000, 0x0000000713000000|  0%| F|  |TAMS 0x0000000712f00000, 0x0000000712f00000| Untracked 
| 222|0x0000000713000000, 0x0000000713000000, 0x0000000713100000|  0%| F|  |TAMS 0x0000000713000000, 0x0000000713000000| Untracked 
| 223|0x0000000713100000, 0x0000000713100000, 0x0000000713200000|  0%| F|  |TAMS 0x0000000713100000, 0x0000000713100000| Untracked 
| 224|0x0000000713200000, 0x0000000713200000, 0x0000000713300000|  0%| F|  |TAMS 0x0000000713200000, 0x0000000713200000| Untracked 
| 225|0x0000000713300000, 0x0000000713300000, 0x0000000713400000|  0%| F|  |TAMS 0x0000000713300000, 0x0000000713300000| Untracked 
| 226|0x0000000713400000, 0x0000000713400000, 0x0000000713500000|  0%| F|  |TAMS 0x0000000713400000, 0x0000000713400000| Untracked 
| 227|0x0000000713500000, 0x0000000713500000, 0x0000000713600000|  0%| F|  |TAMS 0x0000000713500000, 0x0000000713500000| Untracked 
| 228|0x0000000713600000, 0x0000000713600000, 0x0000000713700000|  0%| F|  |TAMS 0x0000000713600000, 0x0000000713600000| Untracked 
| 229|0x0000000713700000, 0x0000000713700000, 0x0000000713800000|  0%| F|  |TAMS 0x0000000713700000, 0x0000000713700000| Untracked 
| 230|0x0000000713800000, 0x0000000713800000, 0x0000000713900000|  0%| F|  |TAMS 0x0000000713800000, 0x0000000713800000| Untracked 
| 231|0x0000000713900000, 0x0000000713900000, 0x0000000713a00000|  0%| F|  |TAMS 0x0000000713900000, 0x0000000713900000| Untracked 
| 232|0x0000000713a00000, 0x0000000713a00000, 0x0000000713b00000|  0%| F|  |TAMS 0x0000000713a00000, 0x0000000713a00000| Untracked 
| 233|0x0000000713b00000, 0x0000000713b00000, 0x0000000713c00000|  0%| F|  |TAMS 0x0000000713b00000, 0x0000000713b00000| Untracked 
| 234|0x0000000713c00000, 0x0000000713c00000, 0x0000000713d00000|  0%| F|  |TAMS 0x0000000713c00000, 0x0000000713c00000| Untracked 
| 235|0x0000000713d00000, 0x0000000713d00000, 0x0000000713e00000|  0%| F|  |TAMS 0x0000000713d00000, 0x0000000713d00000| Untracked 
| 236|0x0000000713e00000, 0x0000000713e00000, 0x0000000713f00000|  0%| F|  |TAMS 0x0000000713e00000, 0x0000000713e00000| Untracked 
| 237|0x0000000713f00000, 0x0000000713f00000, 0x0000000714000000|  0%| F|  |TAMS 0x0000000713f00000, 0x0000000713f00000| Untracked 
| 238|0x0000000714000000, 0x0000000714000000, 0x0000000714100000|  0%| F|  |TAMS 0x0000000714000000, 0x0000000714000000| Untracked 
| 239|0x0000000714100000, 0x0000000714100000, 0x0000000714200000|  0%| F|  |TAMS 0x0000000714100000, 0x0000000714100000| Untracked 
| 240|0x0000000714200000, 0x0000000714200000, 0x0000000714300000|  0%| F|  |TAMS 0x0000000714200000, 0x0000000714200000| Untracked 
| 241|0x0000000714300000, 0x0000000714300000, 0x0000000714400000|  0%| F|  |TAMS 0x0000000714300000, 0x0000000714300000| Untracked 
| 242|0x0000000714400000, 0x000000071447ba20, 0x0000000714500000| 48%| E|  |TAMS 0x0000000714400000, 0x0000000714400000| Complete 
| 243|0x0000000714500000, 0x0000000714600000, 0x0000000714600000|100%| E|CS|TAMS 0x0000000714500000, 0x0000000714500000| Complete 
| 244|0x0000000714600000, 0x0000000714700000, 0x0000000714700000|100%| E|CS|TAMS 0x0000000714600000, 0x0000000714600000| Complete 
| 245|0x0000000714700000, 0x0000000714800000, 0x0000000714800000|100%| E|CS|TAMS 0x0000000714700000, 0x0000000714700000| Complete 
| 246|0x0000000714800000, 0x0000000714900000, 0x0000000714900000|100%| E|CS|TAMS 0x0000000714800000, 0x0000000714800000| Complete 
| 247|0x0000000714900000, 0x0000000714a00000, 0x0000000714a00000|100%| E|CS|TAMS 0x0000000714900000, 0x0000000714900000| Complete 
| 248|0x0000000714a00000, 0x0000000714b00000, 0x0000000714b00000|100%| E|CS|TAMS 0x0000000714a00000, 0x0000000714a00000| Complete 
| 249|0x0000000714b00000, 0x0000000714c00000, 0x0000000714c00000|100%| E|CS|TAMS 0x0000000714b00000, 0x0000000714b00000| Complete 
| 250|0x0000000714c00000, 0x0000000714d00000, 0x0000000714d00000|100%| E|CS|TAMS 0x0000000714c00000, 0x0000000714c00000| Complete 
| 251|0x0000000714d00000, 0x0000000714e00000, 0x0000000714e00000|100%| E|CS|TAMS 0x0000000714d00000, 0x0000000714d00000| Complete 

Card table byte_map: [0x00007fbc4e1da000,0x00007fbc4e9b1000] _byte_map_base: 0x00007fbc4a9b1000

Marking Bits (Prev, Next): (CMBitMap*) 0x00007fbc6808eda8, (CMBitMap*) 0x00007fbc6808ede0
 Prev Bits: [0x00007fbc44148000, 0x00007fbc48000000)
 Next Bits: [0x00007fbc40290000, 0x00007fbc44148000)

Polling page: 0x00007fbc6fa64000

Metaspace:

Usage:
  Non-class:      7,85 MB capacity,     7,62 MB ( 97%) used,   206,92 KB (  3%) free+waste,    32,12 KB ( <1%) overhead. 
      Class:    997,00 KB capacity,   857,66 KB ( 86%) used,   122,78 KB ( 12%) free+waste,    16,56 KB (  2%) overhead. 
       Both:      8,83 MB capacity,     8,46 MB ( 96%) used,   329,70 KB (  4%) free+waste,    48,69 KB ( <1%) overhead. 

Virtual space:
  Non-class space:        8,00 MB reserved,       8,00 MB (100%) committed 
      Class space:        1,00 GB reserved,       1,00 MB ( <1%) committed 
             Both:        1,01 GB reserved,       9,00 MB ( <1%) committed 

Chunk freelists:
   Non-Class:  3,88 KB
       Class:  0 bytes
        Both:  3,88 KB

CodeHeap 'non-profiled nmethods': size=120032Kb used=322Kb max_used=322Kb free=119710Kb
 bounds [0x00007fbc57932000, 0x00007fbc57ba2000, 0x00007fbc5ee6a000]
CodeHeap 'profiled nmethods': size=120028Kb used=1082Kb max_used=1093Kb free=118945Kb
 bounds [0x00007fbc503fb000, 0x00007fbc5066b000, 0x00007fbc57932000]
CodeHeap 'non-nmethods': size=5700Kb used=1153Kb max_used=1173Kb free=4546Kb
 bounds [0x00007fbc4fe6a000, 0x00007fbc500da000, 0x00007fbc503fb000]
 total_blobs=1365 nmethods=737 adapters=318
 compilation: enabled
              stopped_count=0, restarted_count=0
 full_count=0

Compilation events (10 events):
Event: 564,538 Thread 0x00007fbc68298800 nmethod 804 0x00007fbc5050b590 code [0x00007fbc5050b740, 0x00007fbc5050b8f0]
Event: 564,538 Thread 0x00007fbc68298800  805       3       java.time.Instant::ofEpochSecond (31 bytes)
Event: 564,538 Thread 0x00007fbc68298800 nmethod 805 0x00007fbc5050b990 code [0x00007fbc5050bba0, 0x00007fbc5050c1d8]
Event: 564,538 Thread 0x00007fbc68298800  806       3       java.lang.Math::addExact (32 bytes)
Event: 564,538 Thread 0x00007fbc68298800 nmethod 806 0x00007fbc5050c490 code [0x00007fbc5050c660, 0x00007fbc5050c8e8]
Event: 564,538 Thread 0x00007fbc68298800  807       3       java.lang.StringConcatHelper::mixLen (10 bytes)
Event: 564,539 Thread 0x00007fbc68298800 nmethod 807 0x00007fbc5050ca10 code [0x00007fbc5050cc00, 0x00007fbc5050cef8]
Event: 564,540 Thread 0x00007fbc68296800 nmethod 783 0x00007fbc57982110 code [0x00007fbc579822a0, 0x00007fbc579826b8]
Event: 564,540 Thread 0x00007fbc68296800  796       4       java.lang.invoke.DirectMethodHandle::internalMemberName (8 bytes)
Event: 564,540 Thread 0x00007fbc68296800 nmethod 796 0x00007fbc57944b90 code [0x00007fbc57944d20, 0x00007fbc57944d98]

GC Heap History (0 events):
No events

Deoptimization events (4 events):
Event: 3,330 Thread 0x00007fbc683ed000 Uncommon trap: reason=unstable_if action=reinterpret pc=0x00007fbc57946bdc method=caoss.simulator.hardware.Clock.run()V @ 8 c2
Event: 107,358 Thread 0x00007fbc683ed000 Uncommon trap: reason=null_assert_or_unreached0 action=make_not_entrant pc=0x00007fbc57944914 method=caoss.simulator.hardware.SimpleCPUCore.tick()V @ 81 c2
Event: 107,358 Thread 0x00007fbc683ed000 Uncommon trap: reason=unstable_if action=reinterpret pc=0x00007fbc57945078 method=caoss.simulator.hardware.Timer.tick()V @ 4 c2
Event: 348,342 Thread 0x00007fbc683ed000 Uncommon trap: reason=unstable_if action=reinterpret pc=0x00007fbc57944d80 method=caoss.simulator.hardware.devices.DummyIODevice.tick()V @ 11 c2

Classes redefined (4 events):
Event: 741,146 Thread 0x00007fbc68276800 redefined class name=caoss.simulator.os.scheduling.FSOScheduler, count=1
Event: 1160,191 Thread 0x00007fbc68276800 redefined class name=caoss.simulator.os.scheduling.FSOScheduler, count=2
Event: 1628,864 Thread 0x00007fbc68276800 redefined class name=caoss.simulator.os.scheduling.FSOScheduler, count=3
Event: 2419,348 Thread 0x00007fbc68276800 redefined class name=caoss.simulator.os.scheduling.FSOScheduler, count=4

Internal exceptions (10 events):
Event: 3,369 Thread 0x00007fbc68016800 Exception <a 'java/lang/NoSuchMethodError'{0x00000007148645b0}: java.lang.invoke.DirectMethodHandle$Holder.invokeStatic(Ljava/lang/Object;Ljava/lang/Object;Ljava/lang/Object;Ljava/lang/Object;Ljava/lang/Object;Ljava/lang/Object;Ljava/lang/Object;Ljava/lan
Event: 3,370 Thread 0x00007fbc68016800 Exception <a 'java/lang/NoSuchMethodError'{0x0000000714871f80}: java.lang.invoke.DirectMethodHandle$Holder.invokeStatic(Ljava/lang/Object;Ljava/lang/Object;Ljava/lang/Object;Ljava/lang/Object;Ljava/lang/Object;Ljava/lang/Object;Ljava/lang/Object;Ljava/lan
Event: 3,371 Thread 0x00007fbc68016800 Exception <a 'java/lang/NoSuchMethodError'{0x000000071487fcc0}: java.lang.invoke.DirectMethodHandle$Holder.invokeStatic(Ljava/lang/Object;Ljava/lang/Object;Ljava/lang/Object;Ljava/lang/Object;Ljava/lang/Object;Ljava/lang/Object;Ljava/lang/Object;Ljava/lan
Event: 3,374 Thread 0x00007fbc68016800 Exception <a 'java/lang/NoSuchMethodError'{0x00000007148b8fa0}: java.lang.invoke.DirectMethodHandle$Holder.invokeStatic(Ljava/lang/Object;Ljava/lang/Object;Ljava/lang/Object;Ljava/lang/Object;Ljava/lang/Object;Ljava/lang/Object;Ljava/lang/Object;Ljava/lan
Event: 3,376 Thread 0x00007fbc68016800 Exception <a 'java/lang/NoSuchMethodError'{0x00000007148d3d40}: java.lang.invoke.DirectMethodHandle$Holder.invokeStatic(Ljava/lang/Object;Ljava/lang/Object;Ljava/lang/Object;Ljava/lang/Object;Ljava/lang/Object;Ljava/lang/Object;Ljava/lang/Object;Ljava/lan
Event: 3,394 Thread 0x00007fbc68016800 Exception <a 'java/lang/NoSuchMethodError'{0x00000007147a9cd8}: java.lang.invoke.DelegatingMethodHandle$Holder.reinvoke_L(Ljava/lang/Object;JLjava/lang/Object;)Ljava/lang/Object;> (0x00000007147a9cd8) thrown at [/scratch/opt/mach5/mesos/work_dir/slaves/c4
Event: 3,597 Thread 0x00007fbc68016800 Exception <a 'java/lang/NoSuchMethodError'{0x00000007147e4198}: java.lang.invoke.Invokers$Holder.linkToTargetMethod(JLjava/lang/Object;)Ljava/lang/Object;> (0x00000007147e4198) thrown at [/scratch/opt/mach5/mesos/work_dir/slaves/c4ee7e63-1ded-4e8c-9581-ce
Event: 60,907 Thread 0x00007fbc68016800 Exception <a 'java/lang/NoSuchMethodError'{0x0000000714649d70}: java.lang.invoke.DirectMethodHandle$Holder.invokeSpecial(Ljava/lang/Object;Ljava/lang/Object;IIJII)Ljava/lang/Object;> (0x0000000714649d70) thrown at [/scratch/opt/mach5/mesos/work_dir/slaves
Event: 60,907 Thread 0x00007fbc68016800 Exception <a 'java/lang/NoSuchMethodError'{0x000000071464cff0}: java.lang.invoke.DelegatingMethodHandle$Holder.reinvoke_L(Ljava/lang/Object;IIJII)Ljava/lang/Object;> (0x000000071464cff0) thrown at [/scratch/opt/mach5/mesos/work_dir/slaves/c4ee7e63-1ded-4e
Event: 60,908 Thread 0x00007fbc68016800 Exception <a 'java/lang/NoSuchMethodError'{0x000000071465aa10}: java.lang.invoke.DirectMethodHandle$Holder.invokeStatic(Ljava/lang/Object;Ljava/lang/Object;Ljava/lang/Object;Ljava/lang/Object;Ljava/lang/Object;Ljava/lang/Object;I)Ljava/lang/Object;> (0x00

Events (10 events):
Event: 2419,349 Executing VM operation: RedefineClasses done
Event: 2419,349 Executing VM operation: GetFrameCount
Event: 2419,349 Executing VM operation: GetFrameCount done
Event: 2419,349 Executing VM operation: GetFrameCount
Event: 2419,349 Executing VM operation: GetFrameCount done
Event: 2419,349 Executing VM operation: GetStackTrace
Event: 2419,349 Executing VM operation: GetStackTrace done
Event: 2419,349 Executing VM operation: GetFrameLocation
Event: 2419,349 Executing VM operation: GetFrameLocation done
Event: 2419,349 Executing VM operation: GetOrSetLocal


Dynamic libraries:
00400000-00401000 r-xp 00000000 08:01 4726316                            /home/bernardo/Java/Openjdk11/openjdk-11_linux-x64_bin/jdk-11/bin/java
00600000-00601000 r--p 00000000 08:01 4726316                            /home/bernardo/Java/Openjdk11/openjdk-11_linux-x64_bin/jdk-11/bin/java
00601000-00602000 rw-p 00001000 08:01 4726316                            /home/bernardo/Java/Openjdk11/openjdk-11_linux-x64_bin/jdk-11/bin/java
00acf000-00af0000 rw-p 00000000 00:00 0                                  [heap]
705200000-714e00000 rw-p 00000000 00:00 0 
714e00000-800000000 ---p 00000000 00:00 0 
800000000-800100000 rw-p 00000000 00:00 0 
800100000-840000000 ---p 00000000 00:00 0 
7fbbf0000000-7fbbf0045000 rw-p 00000000 00:00 0 
7fbbf0045000-7fbbf4000000 ---p 00000000 00:00 0 
7fbbf4000000-7fbbf4213000 rw-p 00000000 00:00 0 
7fbbf4213000-7fbbf8000000 ---p 00000000 00:00 0 
7fbbf8000000-7fbbf8021000 rw-p 00000000 00:00 0 
7fbbf8021000-7fbbfc000000 ---p 00000000 00:00 0 
7fbbfc000000-7fbbfc021000 rw-p 00000000 00:00 0 
7fbbfc021000-7fbc00000000 ---p 00000000 00:00 0 
7fbc00000000-7fbc00030000 rw-p 00000000 00:00 0 
7fbc00030000-7fbc04000000 ---p 00000000 00:00 0 
7fbc04000000-7fbc0406b000 rw-p 00000000 00:00 0 
7fbc0406b000-7fbc08000000 ---p 00000000 00:00 0 
7fbc08000000-7fbc08021000 rw-p 00000000 00:00 0 
7fbc08021000-7fbc0c000000 ---p 00000000 00:00 0 
7fbc0c000000-7fbc0c121000 rw-p 00000000 00:00 0 
7fbc0c121000-7fbc10000000 ---p 00000000 00:00 0 
7fbc10000000-7fbc102c4000 rw-p 00000000 00:00 0 
7fbc102c4000-7fbc14000000 ---p 00000000 00:00 0 
7fbc14000000-7fbc14021000 rw-p 00000000 00:00 0 
7fbc14021000-7fbc18000000 ---p 00000000 00:00 0 
7fbc18000000-7fbc18021000 rw-p 00000000 00:00 0 
7fbc18021000-7fbc1c000000 ---p 00000000 00:00 0 
7fbc1c000000-7fbc1c96d000 rw-p 00000000 00:00 0 
7fbc1c96d000-7fbc20000000 ---p 00000000 00:00 0 
7fbc20000000-7fbc20021000 rw-p 00000000 00:00 0 
7fbc20021000-7fbc24000000 ---p 00000000 00:00 0 
7fbc24000000-7fbc24021000 rw-p 00000000 00:00 0 
7fbc24021000-7fbc28000000 ---p 00000000 00:00 0 
7fbc28000000-7fbc28021000 rw-p 00000000 00:00 0 
7fbc28021000-7fbc2c000000 ---p 00000000 00:00 0 
7fbc2c000000-7fbc2c044000 rw-p 00000000 00:00 0 
7fbc2c044000-7fbc30000000 ---p 00000000 00:00 0 
7fbc30000000-7fbc30021000 rw-p 00000000 00:00 0 
7fbc30021000-7fbc34000000 ---p 00000000 00:00 0 
7fbc34000000-7fbc34021000 rw-p 00000000 00:00 0 
7fbc34021000-7fbc38000000 ---p 00000000 00:00 0 
7fbc38b1d000-7fbc38ec6000 rw-p 00000000 00:00 0 
7fbc38ec6000-7fbc38eca000 ---p 00000000 00:00 0 
7fbc38eca000-7fbc38fc7000 rw-p 00000000 00:00 0 
7fbc38fc7000-7fbc38fcb000 ---p 00000000 00:00 0 
7fbc38fcb000-7fbc390c8000 rw-p 00000000 00:00 0 
7fbc390c8000-7fbc390c9000 ---p 00000000 00:00 0 
7fbc390c9000-7fbc391ca000 rw-p 00000000 00:00 0 
7fbc391ca000-7fbc391e0000 r-xp 00000000 08:01 4726847                    /home/bernardo/Java/Openjdk11/openjdk-11_linux-x64_bin/jdk-11/lib/libnet.so
7fbc391e0000-7fbc393df000 ---p 00016000 08:01 4726847                    /home/bernardo/Java/Openjdk11/openjdk-11_linux-x64_bin/jdk-11/lib/libnet.so
7fbc393df000-7fbc393e0000 r--p 00015000 08:01 4726847                    /home/bernardo/Java/Openjdk11/openjdk-11_linux-x64_bin/jdk-11/lib/libnet.so
7fbc393e0000-7fbc393e1000 rw-p 00016000 08:01 4726847                    /home/bernardo/Java/Openjdk11/openjdk-11_linux-x64_bin/jdk-11/lib/libnet.so
7fbc393e1000-7fbc393f1000 r-xp 00000000 08:01 4726848                    /home/bernardo/Java/Openjdk11/openjdk-11_linux-x64_bin/jdk-11/lib/libnio.so
7fbc393f1000-7fbc395f0000 ---p 00010000 08:01 4726848                    /home/bernardo/Java/Openjdk11/openjdk-11_linux-x64_bin/jdk-11/lib/libnio.so
7fbc395f0000-7fbc395f1000 r--p 0000f000 08:01 4726848                    /home/bernardo/Java/Openjdk11/openjdk-11_linux-x64_bin/jdk-11/lib/libnio.so
7fbc395f1000-7fbc395f2000 rw-p 00010000 08:01 4726848                    /home/bernardo/Java/Openjdk11/openjdk-11_linux-x64_bin/jdk-11/lib/libnio.so
7fbc395f2000-7fbc395f6000 ---p 00000000 00:00 0 
7fbc395f6000-7fbc396f3000 rw-p 00000000 00:00 0 
7fbc396f3000-7fbc396f7000 ---p 00000000 00:00 0 
7fbc396f7000-7fbc397f4000 rw-p 00000000 00:00 0 
7fbc397f4000-7fbc397f8000 ---p 00000000 00:00 0 
7fbc397f8000-7fbc398f5000 rw-p 00000000 00:00 0 
7fbc398f5000-7fbc398f9000 r-xp 00000000 08:01 4726827                    /home/bernardo/Java/Openjdk11/openjdk-11_linux-x64_bin/jdk-11/lib/libdt_socket.so
7fbc398f9000-7fbc39af9000 ---p 00004000 08:01 4726827                    /home/bernardo/Java/Openjdk11/openjdk-11_linux-x64_bin/jdk-11/lib/libdt_socket.so
7fbc39af9000-7fbc39afa000 r--p 00004000 08:01 4726827                    /home/bernardo/Java/Openjdk11/openjdk-11_linux-x64_bin/jdk-11/lib/libdt_socket.so
7fbc39afa000-7fbc39afb000 rw-p 00005000 08:01 4726827                    /home/bernardo/Java/Openjdk11/openjdk-11_linux-x64_bin/jdk-11/lib/libdt_socket.so
7fbc39afb000-7fbc39aff000 ---p 00000000 00:00 0 
7fbc39aff000-7fbc39bfc000 rw-p 00000000 00:00 0 
7fbc39bfc000-7fbc39c00000 ---p 00000000 00:00 0 
7fbc39c00000-7fbc39cfd000 rw-p 00000000 00:00 0 
7fbc39cfd000-7fbc39d01000 ---p 00000000 00:00 0 
7fbc39d01000-7fbc39dfe000 rw-p 00000000 00:00 0 
7fbc39dfe000-7fbc39e02000 ---p 00000000 00:00 0 
7fbc39e02000-7fbc39eff000 rw-p 00000000 00:00 0 
7fbc39eff000-7fbc39f03000 ---p 00000000 00:00 0 
7fbc39f03000-7fbc3c000000 rw-p 00000000 00:00 0 
7fbc3c000000-7fbc3c021000 rw-p 00000000 00:00 0 
7fbc3c021000-7fbc40000000 ---p 00000000 00:00 0 
7fbc4008e000-7fbc40092000 ---p 00000000 00:00 0 
7fbc40092000-7fbc4018f000 rw-p 00000000 00:00 0 
7fbc4018f000-7fbc40193000 ---p 00000000 00:00 0 
7fbc40193000-7fbc40680000 rw-p 00000000 00:00 0 
7fbc40680000-7fbc44148000 ---p 00000000 00:00 0 
7fbc44148000-7fbc44538000 rw-p 00000000 00:00 0 
7fbc44538000-7fbc48000000 ---p 00000000 00:00 0 
7fbc48000000-7fbc48021000 rw-p 00000000 00:00 0 
7fbc48021000-7fbc4c000000 ---p 00000000 00:00 0 
7fbc4c0eb000-7fbc4c0ef000 ---p 00000000 00:00 0 
7fbc4c0ef000-7fbc4c1ec000 rw-p 00000000 00:00 0 
7fbc4c1ec000-7fbc4c1ed000 ---p 00000000 00:00 0 
7fbc4c1ed000-7fbc4caee000 rw-p 00000000 00:00 0 
7fbc4caee000-7fbc4caef000 ---p 00000000 00:00 0 
7fbc4caef000-7fbc4cbf0000 rw-p 00000000 00:00 0 
7fbc4cbf0000-7fbc4cbf1000 ---p 00000000 00:00 0 
7fbc4cbf1000-7fbc4d6fc000 rw-p 00000000 00:00 0 
7fbc4d6fc000-7fbc4d6fd000 ---p 00000000 00:00 0 
7fbc4d6fd000-7fbc4d7fe000 rw-p 00000000 00:00 0 
7fbc4d7fe000-7fbc4d7ff000 ---p 00000000 00:00 0 
7fbc4d7ff000-7fbc4da81000 rw-p 00000000 00:00 0 
7fbc4da81000-7fbc4e1da000 ---p 00000000 00:00 0 
7fbc4e1da000-7fbc4e258000 rw-p 00000000 00:00 0 
7fbc4e258000-7fbc4e9b1000 ---p 00000000 00:00 0 
7fbc4e9b1000-7fbc4ea2f000 rw-p 00000000 00:00 0 
7fbc4ea2f000-7fbc4f188000 ---p 00000000 00:00 0 
7fbc4f188000-7fbc4fb92000 rw-p 00000000 00:00 0 
7fbc4fb92000-7fbc4fb93000 ---p 00000000 00:00 0 
7fbc4fb93000-7fbc4fc99000 rw-p 00000000 00:00 0 
7fbc4fc99000-7fbc4fd7f000 ---p 00000000 00:00 0 
7fbc4fd7f000-7fbc4fd84000 rw-p 00000000 00:00 0 
7fbc4fd84000-7fbc4fe6a000 ---p 00000000 00:00 0 
7fbc4fe6a000-7fbc500da000 rwxp 00000000 00:00 0 
7fbc500da000-7fbc503fb000 ---p 00000000 00:00 0 
7fbc503fb000-7fbc5066b000 rwxp 00000000 00:00 0 
7fbc5066b000-7fbc57932000 ---p 00000000 00:00 0 
7fbc57932000-7fbc57ba2000 rwxp 00000000 00:00 0 
7fbc57ba2000-7fbc5ee6a000 ---p 00000000 00:00 0 
7fbc5ee6a000-7fbc6720c000 r--s 00000000 08:01 4726858                    /home/bernardo/Java/Openjdk11/openjdk-11_linux-x64_bin/jdk-11/lib/modules
7fbc6720c000-7fbc67227000 r-xp 00000000 08:01 4726839                    /home/bernardo/Java/Openjdk11/openjdk-11_linux-x64_bin/jdk-11/lib/libjimage.so
7fbc67227000-7fbc67426000 ---p 0001b000 08:01 4726839                    /home/bernardo/Java/Openjdk11/openjdk-11_linux-x64_bin/jdk-11/lib/libjimage.so
7fbc67426000-7fbc67428000 r--p 0001a000 08:01 4726839                    /home/bernardo/Java/Openjdk11/openjdk-11_linux-x64_bin/jdk-11/lib/libjimage.so
7fbc67428000-7fbc67429000 rw-p 0001c000 08:01 4726839                    /home/bernardo/Java/Openjdk11/openjdk-11_linux-x64_bin/jdk-11/lib/libjimage.so
7fbc67429000-7fbc67430000 r-xp 00000000 08:01 4726857                    /home/bernardo/Java/Openjdk11/openjdk-11_linux-x64_bin/jdk-11/lib/libzip.so
7fbc67430000-7fbc6762f000 ---p 00007000 08:01 4726857                    /home/bernardo/Java/Openjdk11/openjdk-11_linux-x64_bin/jdk-11/lib/libzip.so
7fbc6762f000-7fbc67630000 r--p 00006000 08:01 4726857                    /home/bernardo/Java/Openjdk11/openjdk-11_linux-x64_bin/jdk-11/lib/libzip.so
7fbc67630000-7fbc67631000 rw-p 00007000 08:01 4726857                    /home/bernardo/Java/Openjdk11/openjdk-11_linux-x64_bin/jdk-11/lib/libzip.so
7fbc67631000-7fbc68000000 r--p 00000000 08:15 1316939                    /usr/lib/locale/locale-archive
7fbc68000000-7fbc684a4000 rw-p 00000000 00:00 0 
7fbc684a4000-7fbc6c000000 ---p 00000000 00:00 0 
7fbc6c034000-7fbc6c0b5000 rw-p 00000000 00:00 0 
7fbc6c0b5000-7fbc6c0c0000 r-xp 00000000 08:15 661159                     /lib/x86_64-linux-gnu/libnss_files-2.27.so
7fbc6c0c0000-7fbc6c2bf000 ---p 0000b000 08:15 661159                     /lib/x86_64-linux-gnu/libnss_files-2.27.so
7fbc6c2bf000-7fbc6c2c0000 r--p 0000a000 08:15 661159                     /lib/x86_64-linux-gnu/libnss_files-2.27.so
7fbc6c2c0000-7fbc6c2c1000 rw-p 0000b000 08:15 661159                     /lib/x86_64-linux-gnu/libnss_files-2.27.so
7fbc6c2c1000-7fbc6c2c7000 rw-p 00000000 00:00 0 
7fbc6c2c7000-7fbc6c2de000 r-xp 00000000 08:15 661153                     /lib/x86_64-linux-gnu/libnsl-2.27.so
7fbc6c2de000-7fbc6c4dd000 ---p 00017000 08:15 661153                     /lib/x86_64-linux-gnu/libnsl-2.27.so
7fbc6c4dd000-7fbc6c4de000 r--p 00016000 08:15 661153                     /lib/x86_64-linux-gnu/libnsl-2.27.so
7fbc6c4de000-7fbc6c4df000 rw-p 00017000 08:15 661153                     /lib/x86_64-linux-gnu/libnsl-2.27.so
7fbc6c4df000-7fbc6c4e1000 rw-p 00000000 00:00 0 
7fbc6c4e1000-7fbc6c4ec000 r-xp 00000000 08:15 661170                     /lib/x86_64-linux-gnu/libnss_nis-2.27.so
7fbc6c4ec000-7fbc6c6eb000 ---p 0000b000 08:15 661170                     /lib/x86_64-linux-gnu/libnss_nis-2.27.so
7fbc6c6eb000-7fbc6c6ec000 r--p 0000a000 08:15 661170                     /lib/x86_64-linux-gnu/libnss_nis-2.27.so
7fbc6c6ec000-7fbc6c6ed000 rw-p 0000b000 08:15 661170                     /lib/x86_64-linux-gnu/libnss_nis-2.27.so
7fbc6c6ed000-7fbc6c6f5000 r-xp 00000000 08:15 661155                     /lib/x86_64-linux-gnu/libnss_compat-2.27.so
7fbc6c6f5000-7fbc6c8f5000 ---p 00008000 08:15 661155                     /lib/x86_64-linux-gnu/libnss_compat-2.27.so
7fbc6c8f5000-7fbc6c8f6000 r--p 00008000 08:15 661155                     /lib/x86_64-linux-gnu/libnss_compat-2.27.so
7fbc6c8f6000-7fbc6c8f7000 rw-p 00009000 08:15 661155                     /lib/x86_64-linux-gnu/libnss_compat-2.27.so
7fbc6c8f7000-7fbc6c901000 r-xp 00000000 08:01 4726830                    /home/bernardo/Java/Openjdk11/openjdk-11_linux-x64_bin/jdk-11/lib/libinstrument.so
7fbc6c901000-7fbc6cb00000 ---p 0000a000 08:01 4726830                    /home/bernardo/Java/Openjdk11/openjdk-11_linux-x64_bin/jdk-11/lib/libinstrument.so
7fbc6cb00000-7fbc6cb01000 r--p 00009000 08:01 4726830                    /home/bernardo/Java/Openjdk11/openjdk-11_linux-x64_bin/jdk-11/lib/libinstrument.so
7fbc6cb01000-7fbc6cb02000 rw-p 0000a000 08:01 4726830                    /home/bernardo/Java/Openjdk11/openjdk-11_linux-x64_bin/jdk-11/lib/libinstrument.so
7fbc6cb02000-7fbc6cb3d000 r-xp 00000000 08:01 4726838                    /home/bernardo/Java/Openjdk11/openjdk-11_linux-x64_bin/jdk-11/lib/libjdwp.so
7fbc6cb3d000-7fbc6cd3c000 ---p 0003b000 08:01 4726838                    /home/bernardo/Java/Openjdk11/openjdk-11_linux-x64_bin/jdk-11/lib/libjdwp.so
7fbc6cd3c000-7fbc6cd3d000 r--p 0003a000 08:01 4726838                    /home/bernardo/Java/Openjdk11/openjdk-11_linux-x64_bin/jdk-11/lib/libjdwp.so
7fbc6cd3d000-7fbc6cd3e000 rw-p 0003b000 08:01 4726838                    /home/bernardo/Java/Openjdk11/openjdk-11_linux-x64_bin/jdk-11/lib/libjdwp.so
7fbc6cd3e000-7fbc6cd69000 r-xp 00000000 08:01 4726835                    /home/bernardo/Java/Openjdk11/openjdk-11_linux-x64_bin/jdk-11/lib/libjava.so
7fbc6cd69000-7fbc6cf68000 ---p 0002b000 08:01 4726835                    /home/bernardo/Java/Openjdk11/openjdk-11_linux-x64_bin/jdk-11/lib/libjava.so
7fbc6cf68000-7fbc6cf69000 r--p 0002a000 08:01 4726835                    /home/bernardo/Java/Openjdk11/openjdk-11_linux-x64_bin/jdk-11/lib/libjava.so
7fbc6cf69000-7fbc6cf6b000 rw-p 0002b000 08:01 4726835                    /home/bernardo/Java/Openjdk11/openjdk-11_linux-x64_bin/jdk-11/lib/libjava.so
7fbc6cf6b000-7fbc6cf78000 r-xp 00000000 08:01 4726856                    /home/bernardo/Java/Openjdk11/openjdk-11_linux-x64_bin/jdk-11/lib/libverify.so
7fbc6cf78000-7fbc6d177000 ---p 0000d000 08:01 4726856                    /home/bernardo/Java/Openjdk11/openjdk-11_linux-x64_bin/jdk-11/lib/libverify.so
7fbc6d177000-7fbc6d179000 r--p 0000c000 08:01 4726856                    /home/bernardo/Java/Openjdk11/openjdk-11_linux-x64_bin/jdk-11/lib/libverify.so
7fbc6d179000-7fbc6d17a000 rw-p 0000e000 08:01 4726856                    /home/bernardo/Java/Openjdk11/openjdk-11_linux-x64_bin/jdk-11/lib/libverify.so
7fbc6d17a000-7fbc6d181000 r-xp 00000000 08:15 661210                     /lib/x86_64-linux-gnu/librt-2.27.so
7fbc6d181000-7fbc6d380000 ---p 00007000 08:15 661210                     /lib/x86_64-linux-gnu/librt-2.27.so
7fbc6d380000-7fbc6d381000 r--p 00006000 08:15 661210                     /lib/x86_64-linux-gnu/librt-2.27.so
7fbc6d381000-7fbc6d382000 rw-p 00007000 08:15 661210                     /lib/x86_64-linux-gnu/librt-2.27.so
7fbc6d382000-7fbc6d51f000 r-xp 00000000 08:15 661132                     /lib/x86_64-linux-gnu/libm-2.27.so
7fbc6d51f000-7fbc6d71e000 ---p 0019d000 08:15 661132                     /lib/x86_64-linux-gnu/libm-2.27.so
7fbc6d71e000-7fbc6d71f000 r--p 0019c000 08:15 661132                     /lib/x86_64-linux-gnu/libm-2.27.so
7fbc6d71f000-7fbc6d720000 rw-p 0019d000 08:15 661132                     /lib/x86_64-linux-gnu/libm-2.27.so
7fbc6d720000-7fbc6e8a6000 r-xp 00000000 08:01 4726869                    /home/bernardo/Java/Openjdk11/openjdk-11_linux-x64_bin/jdk-11/lib/server/libjvm.so
7fbc6e8a6000-7fbc6eaa5000 ---p 01186000 08:01 4726869                    /home/bernardo/Java/Openjdk11/openjdk-11_linux-x64_bin/jdk-11/lib/server/libjvm.so
7fbc6eaa5000-7fbc6eb6f000 r--p 01185000 08:01 4726869                    /home/bernardo/Java/Openjdk11/openjdk-11_linux-x64_bin/jdk-11/lib/server/libjvm.so
7fbc6eb6f000-7fbc6eba9000 rw-p 0124f000 08:01 4726869                    /home/bernardo/Java/Openjdk11/openjdk-11_linux-x64_bin/jdk-11/lib/server/libjvm.so
7fbc6eba9000-7fbc6ebff000 rw-p 00000000 00:00 0 
7fbc6ebff000-7fbc6ede6000 r-xp 00000000 08:15 661069                     /lib/x86_64-linux-gnu/libc-2.27.so
7fbc6ede6000-7fbc6efe6000 ---p 001e7000 08:15 661069                     /lib/x86_64-linux-gnu/libc-2.27.so
7fbc6efe6000-7fbc6efea000 r--p 001e7000 08:15 661069                     /lib/x86_64-linux-gnu/libc-2.27.so
7fbc6efea000-7fbc6efec000 rw-p 001eb000 08:15 661069                     /lib/x86_64-linux-gnu/libc-2.27.so
7fbc6efec000-7fbc6eff0000 rw-p 00000000 00:00 0 
7fbc6eff0000-7fbc6eff3000 r-xp 00000000 08:15 661092                     /lib/x86_64-linux-gnu/libdl-2.27.so
7fbc6eff3000-7fbc6f1f2000 ---p 00003000 08:15 661092                     /lib/x86_64-linux-gnu/libdl-2.27.so
7fbc6f1f2000-7fbc6f1f3000 r--p 00002000 08:15 661092                     /lib/x86_64-linux-gnu/libdl-2.27.so
7fbc6f1f3000-7fbc6f1f4000 rw-p 00003000 08:15 661092                     /lib/x86_64-linux-gnu/libdl-2.27.so
7fbc6f1f4000-7fbc6f203000 r-xp 00000000 08:01 4726820                    /home/bernardo/Java/Openjdk11/openjdk-11_linux-x64_bin/jdk-11/lib/jli/libjli.so
7fbc6f203000-7fbc6f403000 ---p 0000f000 08:01 4726820                    /home/bernardo/Java/Openjdk11/openjdk-11_linux-x64_bin/jdk-11/lib/jli/libjli.so
7fbc6f403000-7fbc6f404000 r--p 0000f000 08:01 4726820                    /home/bernardo/Java/Openjdk11/openjdk-11_linux-x64_bin/jdk-11/lib/jli/libjli.so
7fbc6f404000-7fbc6f405000 rw-p 00010000 08:01 4726820                    /home/bernardo/Java/Openjdk11/openjdk-11_linux-x64_bin/jdk-11/lib/jli/libjli.so
7fbc6f405000-7fbc6f41f000 r-xp 00000000 08:15 661202                     /lib/x86_64-linux-gnu/libpthread-2.27.so
7fbc6f41f000-7fbc6f61e000 ---p 0001a000 08:15 661202                     /lib/x86_64-linux-gnu/libpthread-2.27.so
7fbc6f61e000-7fbc6f61f000 r--p 00019000 08:15 661202                     /lib/x86_64-linux-gnu/libpthread-2.27.so
7fbc6f61f000-7fbc6f620000 rw-p 0001a000 08:15 661202                     /lib/x86_64-linux-gnu/libpthread-2.27.so
7fbc6f620000-7fbc6f624000 rw-p 00000000 00:00 0 
7fbc6f624000-7fbc6f640000 r-xp 00000000 08:15 661241                     /lib/x86_64-linux-gnu/libz.so.1.2.11
7fbc6f640000-7fbc6f83f000 ---p 0001c000 08:15 661241                     /lib/x86_64-linux-gnu/libz.so.1.2.11
7fbc6f83f000-7fbc6f840000 r--p 0001b000 08:15 661241                     /lib/x86_64-linux-gnu/libz.so.1.2.11
7fbc6f840000-7fbc6f841000 rw-p 0001c000 08:15 661241                     /lib/x86_64-linux-gnu/libz.so.1.2.11
7fbc6f841000-7fbc6f868000 r-xp 00000000 08:15 661041                     /lib/x86_64-linux-gnu/ld-2.27.so
7fbc6f8d4000-7fbc6f92f000 rw-p 00000000 00:00 0 
7fbc6f92f000-7fbc6f933000 ---p 00000000 00:00 0 
7fbc6f933000-7fbc6fa32000 rw-p 00000000 00:00 0 
7fbc6fa47000-7fbc6fa4e000 r--s 00000000 08:15 1575649                    /usr/lib/x86_64-linux-gnu/gconv/gconv-modules.cache
7fbc6fa4e000-7fbc6fa53000 rw-p 00000000 00:00 0 
7fbc6fa53000-7fbc6fa5a000 ---p 00000000 00:00 0 
7fbc6fa5a000-7fbc6fa5c000 r--s 00001000 08:01 5116678                    /home/bernardo/Toolbox/apps/IDEA-U/ch-0/182.4505.22/lib/rt/debugger-agent-storage.jar
7fbc6fa5c000-7fbc6fa64000 rw-s 00000000 08:15 1184961                    /tmp/hsperfdata_bernardo/6028
7fbc6fa64000-7fbc6fa65000 ---p 00000000 00:00 0 
7fbc6fa65000-7fbc6fa66000 r--p 00000000 00:00 0 
7fbc6fa66000-7fbc6fa68000 rw-p 00000000 00:00 0 
7fbc6fa68000-7fbc6fa69000 r--p 00027000 08:15 661041                     /lib/x86_64-linux-gnu/ld-2.27.so
7fbc6fa69000-7fbc6fa6a000 rw-p 00028000 08:15 661041                     /lib/x86_64-linux-gnu/ld-2.27.so
7fbc6fa6a000-7fbc6fa6b000 rw-p 00000000 00:00 0 
7fff6ad0f000-7fff6ad30000 rw-p 00000000 00:00 0                          [stack]
7fff6adb6000-7fff6adb9000 r--p 00000000 00:00 0                          [vvar]
7fff6adb9000-7fff6adbb000 r-xp 00000000 00:00 0                          [vdso]
ffffffffff600000-ffffffffff601000 r-xp 00000000 00:00 0                  [vsyscall]


VM Arguments:
jvm_args: -agentlib:jdwp=transport=dt_socket,address=127.0.0.1:32851,suspend=y,server=n -javaagent:/home/bernardo/Toolbox/apps/IDEA-U/ch-0/182.4505.22/lib/rt/debugger-agent.jar=file:/tmp/capture.props -Dfile.encoding=UTF-8 
java_command: caoss.simulator.CAOSS
java_class_path (initial): /home/bernardo/FSO/caoss/out/production/FSO-TPC1:/home/bernardo/Toolbox/apps/IDEA-U/ch-0/182.4505.22/lib/idea_rt.jar
Launcher Type: SUN_STANDARD

[Global flags]
     intx CICompilerCount                          = 4                                         {product} {ergonomic}
     uint ConcGCThreads                            = 3                                         {product} {ergonomic}
     uint G1ConcRefinementThreads                  = 10                                        {product} {ergonomic}
   size_t G1HeapRegionSize                         = 1048576                                   {product} {ergonomic}
    uintx GCDrainStackTargetSize                   = 64                                        {product} {ergonomic}
   size_t InitialHeapSize                          = 264241152                                 {product} {ergonomic}
   size_t MarkStackSize                            = 4194304                                   {product} {ergonomic}
   size_t MaxHeapSize                              = 4208984064                                {product} {ergonomic}
   size_t MaxNewSize                               = 2524971008                                {product} {ergonomic}
   size_t MinHeapDeltaBytes                        = 1048576                                   {product} {ergonomic}
    uintx NonNMethodCodeHeapSize                   = 5835340                                {pd product} {ergonomic}
    uintx NonProfiledCodeHeapSize                  = 122911450                              {pd product} {ergonomic}
    uintx ProfiledCodeHeapSize                     = 122911450                              {pd product} {ergonomic}
    uintx ReservedCodeCacheSize                    = 251658240                              {pd product} {ergonomic}
     bool SegmentedCodeCache                       = true                                      {product} {ergonomic}
     bool UseCompressedClassPointers               = true                                 {lp64_product} {ergonomic}
     bool UseCompressedOops                        = true                                 {lp64_product} {ergonomic}
     bool UseG1GC                                  = true                                      {product} {ergonomic}

Logging:
Log output configuration:
 #0: stdout all=warning uptime,level,tags
 #1: stderr all=off uptime,level,tags

Environment Variables:
PATH=/usr/local/sbin:/usr/local/bin:/usr/sbin:/usr/bin:/sbin:/bin:/usr/games:/usr/local/games:/snap/bin
USERNAME=bernardo
SHELL=/bin/bash
DISPLAY=:0

Signal Handlers:
SIGSEGV: [libjvm.so+0xe58ad0], sa_mask[0]=11111111011111111101111111111110, sa_flags=SA_RESTART|SA_SIGINFO
SIGBUS: [libjvm.so+0xe58ad0], sa_mask[0]=11111111011111111101111111111110, sa_flags=SA_RESTART|SA_SIGINFO
SIGFPE: [libjvm.so+0xe58ad0], sa_mask[0]=11111111011111111101111111111110, sa_flags=SA_RESTART|SA_SIGINFO
SIGPIPE: [libjvm.so+0xc2ebd0], sa_mask[0]=11111111011111111101111111111110, sa_flags=SA_RESTART|SA_SIGINFO
SIGXFSZ: [libjvm.so+0xc2ebd0], sa_mask[0]=11111111011111111101111111111110, sa_flags=SA_RESTART|SA_SIGINFO
SIGILL: [libjvm.so+0xe58ad0], sa_mask[0]=11111111011111111101111111111110, sa_flags=SA_RESTART|SA_SIGINFO
SIGUSR2: [libjvm.so+0xc2ea70], sa_mask[0]=00100000000000000000000000000000, sa_flags=SA_RESTART|SA_SIGINFO
SIGHUP: [libjvm.so+0xc2edd0], sa_mask[0]=11111111011111111101111111111110, sa_flags=SA_RESTART|SA_SIGINFO
SIGINT: [libjvm.so+0xc2edd0], sa_mask[0]=11111111011111111101111111111110, sa_flags=SA_RESTART|SA_SIGINFO
SIGTERM: [libjvm.so+0xc2edd0], sa_mask[0]=11111111011111111101111111111110, sa_flags=SA_RESTART|SA_SIGINFO
SIGQUIT: [libjvm.so+0xc2edd0], sa_mask[0]=11111111011111111101111111111110, sa_flags=SA_RESTART|SA_SIGINFO


---------------  S Y S T E M  ---------------

OS:DISTRIB_ID=Ubuntu
DISTRIB_RELEASE=18.04
DISTRIB_CODENAME=bionic
DISTRIB_DESCRIPTION="Ubuntu 18.04.1 LTS"
uname:Linux 4.18.14-041814-generic #201810130431 SMP Sat Oct 13 08:33:50 UTC 2018 x86_64
libc:glibc 2.27 NPTL 2.27 
rlimit: STACK 8192k, CORE 0k, NPROC 63522, NOFILE 1048576, AS infinity, DATA infinity, FSIZE infinity
load average:4,73 4,47 3,49

/proc/meminfo:
MemTotal:       16438468 kB
MemFree:         9653548 kB
MemAvailable:   11667676 kB
Buffers:          177032 kB
Cached:          2205256 kB
SwapCached:            0 kB
Active:          4784048 kB
Inactive:        1506508 kB
Active(anon):    3909424 kB
Inactive(anon):   176112 kB
Active(file):     874624 kB
Inactive(file):  1330396 kB
Unevictable:          32 kB
Mlocked:              32 kB
SwapTotal:      15624188 kB
SwapFree:       15624188 kB
Dirty:             27808 kB
Writeback:             0 kB
AnonPages:       3907896 kB
Mapped:           799948 kB
Shmem:            177404 kB
Slab:             208444 kB
SReclaimable:     118408 kB
SUnreclaim:        90036 kB
KernelStack:       27148 kB
PageTables:        73384 kB
NFS_Unstable:          0 kB
Bounce:                0 kB
WritebackTmp:          0 kB
CommitLimit:    23843420 kB
Committed_AS:   16050504 kB
VmallocTotal:   34359738367 kB
VmallocUsed:           0 kB
VmallocChunk:          0 kB
HardwareCorrupted:     0 kB
AnonHugePages:         0 kB
ShmemHugePages:        0 kB
ShmemPmdMapped:        0 kB
CmaTotal:              0 kB
CmaFree:               0 kB
HugePages_Total:       0
HugePages_Free:        0
HugePages_Rsvd:        0
HugePages_Surp:        0
Hugepagesize:       2048 kB
Hugetlb:               0 kB
DirectMap4k:      339584 kB
DirectMap2M:     9048064 kB
DirectMap1G:     8388608 kB


/proc/sys/kernel/threads-max (system-wide limit on the number of threads):
127044


/proc/sys/vm/max_map_count (maximum number of memory map areas a process may have):
65530


/proc/sys/kernel/pid_max (system-wide limit on number of process identifiers):
32768


container (cgroup) information:
container_type: cgroupv1
cpu_cpuset_cpus: 0-11
cpu_memory_nodes: 0
active_processor_count: 12
cpu_quota: -1
cpu_period: 100000
cpu_shares: -1
memory_limit_in_bytes: -1
memory_and_swap_limit_in_bytes: -2
memory_soft_limit_in_bytes: -1
memory_usage_in_bytes: 6441119744
memory_max_usage_in_bytes: 0


CPU:total 12 (initial active 12) (12 cores per cpu, 2 threads per core) family 23 model 1 stepping 1, cmov, cx8, fxsr, mmx, sse, sse2, sse3, ssse3, sse4.1, sse4.2, popcnt, avx, avx2, aes, clmul, mmxext, 3dnowpref, lzcnt, sse4a, ht, tsc, tscinvbit, tscinv, bmi1, bmi2, adx, sha, fma
CPU Model and flags from /proc/cpuinfo:
model name	: AMD Ryzen 5 1600 Six-Core Processor
flags		: fpu vme de pse tsc msr pae mce cx8 apic sep mtrr pge mca cmov pat pse36 clflush mmx fxsr sse sse2 ht syscall nx mmxext fxsr_opt pdpe1gb rdtscp lm constant_tsc rep_good nopl nonstop_tsc cpuid extd_apicid aperfmperf pni pclmulqdq monitor ssse3 fma cx16 sse4_1 sse4_2 movbe popcnt aes xsave avx f16c rdrand lahf_lm cmp_legacy svm extapic cr8_legacy abm sse4a misalignsse 3dnowprefetch osvw skinit wdt tce topoext perfctr_core perfctr_nb bpext perfctr_llc mwaitx cpb hw_pstate sme ssbd sev ibpb vmmcall fsgsbase bmi1 avx2 smep bmi2 rdseed adx smap clflushopt sha_ni xsaveopt xsavec xgetbv1 xsaves clzero irperf xsaveerptr arat npt lbrv svm_lock nrip_save tsc_scale vmcb_clean flushbyasid decodeassists pausefilter pfthreshold avic v_vmsave_vmload vgif overflow_recov succor smca

Memory: 4k page, physical 16438468k(9653548k free), swap 15624188k(15624188k free)

vm_info: OpenJDK 64-Bit Server VM (11+28) for linux-amd64 JRE (11+28), built on Aug 22 2018 18:55:06 by "mach5one" with gcc 7.3.0

END.
