#
# A fatal error has been detected by the Java Runtime Environment:
#
#  Internal Error (generateOopMap.cpp:2164), pid=6268, tid=6280
#  fatal error: Illegal class file encountered. Try running with -Xverify:all in method processConcluded
#
# JRE version: OpenJDK Runtime Environment (11.0+28) (build 11+28)
# Java VM: OpenJDK 64-Bit Server VM (11+28, mixed mode, tiered, compressed oops, g1 gc, linux-amd64)
# Core dump will be written. Default location: Core dumps may be processed with "/usr/share/apport/apport %p %s %c %d %P" (or dumping to /home/bernardo/IdeaProjects/FSO-TPC1/core.6268)
#
# If you would like to submit a bug report, please visit:
#   http://bugreport.java.com/bugreport/crash.jsp
#

---------------  S U M M A R Y ------------

Command Line: -agentlib:jdwp=transport=dt_socket,address=127.0.0.1:36055,suspend=y,server=n -javaagent:/home/bernardo/Toolbox/apps/IDEA-U/ch-0/182.4505.22/lib/rt/debugger-agent.jar=file:/tmp/capture.props -Dfile.encoding=UTF-8 caoss.simulator.CAOSS

Host: AMD Ryzen 5 1600 Six-Core Processor, 12 cores, 15G, Ubuntu 18.04.1 LTS
Time: Wed Oct 17 13:53:55 2018 WEST elapsed time: 1828 seconds (0d 0h 30m 28s)

---------------  T H R E A D  ---------------

Current thread (0x00007f6dac276800):  VMThread "VM Thread" [stack: 0x00007f6d84bb1000,0x00007f6d84cb1000] [id=6280]

Stack: [0x00007f6d84bb1000,0x00007f6d84cb1000],  sp=0x00007f6d84caeef0,  free space=1015k
Native frames: (J=compiled Java code, A=aot compiled Java code, j=interpreted, Vv=VM code, C=native code)
V  [libjvm.so+0xe570a7]  VMError::report_and_die(int, char const*, char const*, __va_list_tag*, Thread*, unsigned char*, void*, void*, char const*, int, unsigned long)+0x2c7
V  [libjvm.so+0xe57cbf]  VMError::report_and_die(Thread*, void*, char const*, int, char const*, char const*, __va_list_tag*)+0x2f
V  [libjvm.so+0x6ca32a]  report_fatal(char const*, int, char const*, ...)+0x10a
V  [libjvm.so+0x8249f8]  GenerateOopMap::error_work(char const*, __va_list_tag*)+0xb8
V  [libjvm.so+0x824acb]  GenerateOopMap::report_error(char const*, ...) [clone .constprop.79]+0x8b
V  [libjvm.so+0x82990b]  GenerateOopMap::interp_bb(BasicBlock*)+0x3bb
V  [libjvm.so+0x82c21d]  GenerateOopMap::do_interpretation()+0xbd
V  [libjvm.so+0x82c5c9]  GenerateOopMap::compute_map(Thread*)+0x269
V  [libjvm.so+0xc20cca]  OopMapCacheEntry::fill(methodHandle const&, int)+0x20a
V  [libjvm.so+0xc2124b]  OopMapCache::compute_one_oop_map(methodHandle const&, int, InterpreterOopMap*)+0x6b
V  [libjvm.so+0xbb0246]  Method::mask_for(int, InterpreterOopMap*)+0x76
V  [libjvm.so+0xa3ff6c]  VM_GetOrSetLocal::doit()+0x4c
V  [libjvm.so+0xe69908]  VM_Operation::evaluate()+0xd8
V  [libjvm.so+0xe6713f]  VMThread::evaluate_operation(VM_Operation*) [clone .constprop.54]+0xff
V  [libjvm.so+0xe6764e]  VMThread::loop()+0x3be
V  [libjvm.so+0xe67a7b]  VMThread::run()+0x7b
V  [libjvm.so+0xc387d0]  thread_native_entry(Thread*)+0xf0

VM_Operation (0x00007f6d8419f8f0): GetOrSetLocal, mode: safepoint, requested by thread 0x00007f6dac3c3000


---------------  P R O C E S S  ---------------

Threads class SMR info:
_java_thread_list=0x00007f6d540012d0, length=13, elements={
0x00007f6dac016800, 0x00007f6dac27e800, 0x00007f6dac282800, 0x00007f6dac294000,
0x00007f6dac296800, 0x00007f6dac298800, 0x00007f6dac29a800, 0x00007f6dac34f800,
0x00007f6dac3c3000, 0x00007f6dac3c6800, 0x00007f6d48001800, 0x00007f6dac476800,
0x00007f6dac485800
}

Java Threads: ( => current thread )
  0x00007f6dac016800 JavaThread "main" [_thread_blocked, id=6271, stack(0x00007f6db6031000,0x00007f6db6132000)]
  0x00007f6dac27e800 JavaThread "Reference Handler" daemon [_thread_blocked, id=6281, stack(0x00007f6d84aae000,0x00007f6d84baf000)]
  0x00007f6dac282800 JavaThread "Finalizer" daemon [_thread_blocked, id=6282, stack(0x00007f6d849ad000,0x00007f6d84aae000)]
  0x00007f6dac294000 JavaThread "Signal Dispatcher" daemon [_thread_blocked, id=6287, stack(0x00007f6d848ac000,0x00007f6d849ad000)]
  0x00007f6dac296800 JavaThread "C2 CompilerThread0" daemon [_thread_blocked, id=6288, stack(0x00007f6d847ab000,0x00007f6d848ac000)]
  0x00007f6dac298800 JavaThread "C1 CompilerThread0" daemon [_thread_blocked, id=6289, stack(0x00007f6d846aa000,0x00007f6d847ab000)]
  0x00007f6dac29a800 JavaThread "Sweeper thread" daemon [_thread_blocked, id=6290, stack(0x00007f6d845a9000,0x00007f6d846aa000)]
  0x00007f6dac34f800 JavaThread "Common-Cleaner" daemon [_thread_blocked, id=6295, stack(0x00007f6d844a8000,0x00007f6d845a9000)]
  0x00007f6dac3c3000 JavaThread "JDWP Transport Listener: dt_socket" daemon [_thread_blocked, id=6298, stack(0x00007f6d840a0000,0x00007f6d841a1000)] _threads_hazard_ptr=0x00007f6d540012d0
  0x00007f6dac3c6800 JavaThread "JDWP Event Helper Thread" daemon [_thread_blocked, id=6299, stack(0x00007f6d4feff000,0x00007f6d50000000)]
  0x00007f6d48001800 JavaThread "JDWP Command Reader" daemon [_thread_in_native, id=6300, stack(0x00007f6d4fdfe000,0x00007f6d4feff000)]
  0x00007f6dac476800 JavaThread "Service Thread" daemon [_thread_blocked, id=6303, stack(0x00007f6d4f8d5000,0x00007f6d4f9d6000)]
  0x00007f6dac485800 JavaThread "Thread-0" [_thread_blocked, id=6305, stack(0x00007f6d4f6d2000,0x00007f6d4f7d3000)]

Other Threads:
=>0x00007f6dac276800 VMThread "VM Thread" [stack: 0x00007f6d84bb1000,0x00007f6d84cb1000] [id=6280]
  0x00007f6dac479800 WatcherThread [stack: 0x00007f6d4f7d5000,0x00007f6d4f8d5000] [id=6304]
  0x00007f6dac041000 GCTaskThread "GC Thread#0" [stack: 0x00007f6db16ed000,0x00007f6db17ed000] [id=6272]
  0x00007f6dac09f800 ConcurrentGCThread "G1 Main Marker" [stack: 0x00007f6db0307000,0x00007f6db0407000] [id=6273]
  0x00007f6dac0a1000 ConcurrentGCThread "G1 Conc#0" [stack: 0x00007f6db0205000,0x00007f6db0305000] [id=6274]
  0x00007f6dac1ab000 ConcurrentGCThread "G1 Refine#0" [stack: 0x00007f6d855b5000,0x00007f6d856b5000] [id=6275]
  0x00007f6dac1ac800 ConcurrentGCThread "G1 Young RemSet Sampling" [stack: 0x00007f6d854b3000,0x00007f6d855b3000] [id=6276]

Threads with active compile tasks:

VM state:at safepoint (normal execution)

VM Mutex/Monitor currently owned by a thread:  ([mutex/lock_event])
[0x00007f6dac012590] Threads_lock - owner thread: 0x00007f6dac276800

Heap address: 0x0000000705200000, size: 4014 MB, Compressed Oops mode: Zero based, Oop shift amount: 3
Narrow klass base: 0x0000000800000000, Narrow klass shift: 0
Compressed class space size: 1073741824 Address: 0x0000000800000000

Heap:
 garbage-first heap   total 258048K, used 9216K [0x0000000705200000, 0x0000000800000000)
  region size 1024K, 10 young (10240K), 0 survivors (0K)
 Metaspace       used 8613K, capacity 8958K, committed 9216K, reserved 1056768K
  class space    used 857K, capacity 997K, committed 1024K, reserved 1048576K
Heap Regions: E=young(eden), S=young(survivor), O=old, HS=humongous(starts), HC=humongous(continues), CS=collection set, F=free, A=archive, TAMS=top-at-mark-start (previous, next)
|   0|0x0000000705200000, 0x0000000705200000, 0x0000000705300000|  0%| F|  |TAMS 0x0000000705200000, 0x0000000705200000| Untracked 
|   1|0x0000000705300000, 0x0000000705300000, 0x0000000705400000|  0%| F|  |TAMS 0x0000000705300000, 0x0000000705300000| Untracked 
|   2|0x0000000705400000, 0x0000000705400000, 0x0000000705500000|  0%| F|  |TAMS 0x0000000705400000, 0x0000000705400000| Untracked 
|   3|0x0000000705500000, 0x0000000705500000, 0x0000000705600000|  0%| F|  |TAMS 0x0000000705500000, 0x0000000705500000| Untracked 
|   4|0x0000000705600000, 0x0000000705600000, 0x0000000705700000|  0%| F|  |TAMS 0x0000000705600000, 0x0000000705600000| Untracked 
|   5|0x0000000705700000, 0x0000000705700000, 0x0000000705800000|  0%| F|  |TAMS 0x0000000705700000, 0x0000000705700000| Untracked 
|   6|0x0000000705800000, 0x0000000705800000, 0x0000000705900000|  0%| F|  |TAMS 0x0000000705800000, 0x0000000705800000| Untracked 
|   7|0x0000000705900000, 0x0000000705900000, 0x0000000705a00000|  0%| F|  |TAMS 0x0000000705900000, 0x0000000705900000| Untracked 
|   8|0x0000000705a00000, 0x0000000705a00000, 0x0000000705b00000|  0%| F|  |TAMS 0x0000000705a00000, 0x0000000705a00000| Untracked 
|   9|0x0000000705b00000, 0x0000000705b00000, 0x0000000705c00000|  0%| F|  |TAMS 0x0000000705b00000, 0x0000000705b00000| Untracked 
|  10|0x0000000705c00000, 0x0000000705c00000, 0x0000000705d00000|  0%| F|  |TAMS 0x0000000705c00000, 0x0000000705c00000| Untracked 
|  11|0x0000000705d00000, 0x0000000705d00000, 0x0000000705e00000|  0%| F|  |TAMS 0x0000000705d00000, 0x0000000705d00000| Untracked 
|  12|0x0000000705e00000, 0x0000000705e00000, 0x0000000705f00000|  0%| F|  |TAMS 0x0000000705e00000, 0x0000000705e00000| Untracked 
|  13|0x0000000705f00000, 0x0000000705f00000, 0x0000000706000000|  0%| F|  |TAMS 0x0000000705f00000, 0x0000000705f00000| Untracked 
|  14|0x0000000706000000, 0x0000000706000000, 0x0000000706100000|  0%| F|  |TAMS 0x0000000706000000, 0x0000000706000000| Untracked 
|  15|0x0000000706100000, 0x0000000706100000, 0x0000000706200000|  0%| F|  |TAMS 0x0000000706100000, 0x0000000706100000| Untracked 
|  16|0x0000000706200000, 0x0000000706200000, 0x0000000706300000|  0%| F|  |TAMS 0x0000000706200000, 0x0000000706200000| Untracked 
|  17|0x0000000706300000, 0x0000000706300000, 0x0000000706400000|  0%| F|  |TAMS 0x0000000706300000, 0x0000000706300000| Untracked 
|  18|0x0000000706400000, 0x0000000706400000, 0x0000000706500000|  0%| F|  |TAMS 0x0000000706400000, 0x0000000706400000| Untracked 
|  19|0x0000000706500000, 0x0000000706500000, 0x0000000706600000|  0%| F|  |TAMS 0x0000000706500000, 0x0000000706500000| Untracked 
|  20|0x0000000706600000, 0x0000000706600000, 0x0000000706700000|  0%| F|  |TAMS 0x0000000706600000, 0x0000000706600000| Untracked 
|  21|0x0000000706700000, 0x0000000706700000, 0x0000000706800000|  0%| F|  |TAMS 0x0000000706700000, 0x0000000706700000| Untracked 
|  22|0x0000000706800000, 0x0000000706800000, 0x0000000706900000|  0%| F|  |TAMS 0x0000000706800000, 0x0000000706800000| Untracked 
|  23|0x0000000706900000, 0x0000000706900000, 0x0000000706a00000|  0%| F|  |TAMS 0x0000000706900000, 0x0000000706900000| Untracked 
|  24|0x0000000706a00000, 0x0000000706a00000, 0x0000000706b00000|  0%| F|  |TAMS 0x0000000706a00000, 0x0000000706a00000| Untracked 
|  25|0x0000000706b00000, 0x0000000706b00000, 0x0000000706c00000|  0%| F|  |TAMS 0x0000000706b00000, 0x0000000706b00000| Untracked 
|  26|0x0000000706c00000, 0x0000000706c00000, 0x0000000706d00000|  0%| F|  |TAMS 0x0000000706c00000, 0x0000000706c00000| Untracked 
|  27|0x0000000706d00000, 0x0000000706d00000, 0x0000000706e00000|  0%| F|  |TAMS 0x0000000706d00000, 0x0000000706d00000| Untracked 
|  28|0x0000000706e00000, 0x0000000706e00000, 0x0000000706f00000|  0%| F|  |TAMS 0x0000000706e00000, 0x0000000706e00000| Untracked 
|  29|0x0000000706f00000, 0x0000000706f00000, 0x0000000707000000|  0%| F|  |TAMS 0x0000000706f00000, 0x0000000706f00000| Untracked 
|  30|0x0000000707000000, 0x0000000707000000, 0x0000000707100000|  0%| F|  |TAMS 0x0000000707000000, 0x0000000707000000| Untracked 
|  31|0x0000000707100000, 0x0000000707100000, 0x0000000707200000|  0%| F|  |TAMS 0x0000000707100000, 0x0000000707100000| Untracked 
|  32|0x0000000707200000, 0x0000000707200000, 0x0000000707300000|  0%| F|  |TAMS 0x0000000707200000, 0x0000000707200000| Untracked 
|  33|0x0000000707300000, 0x0000000707300000, 0x0000000707400000|  0%| F|  |TAMS 0x0000000707300000, 0x0000000707300000| Untracked 
|  34|0x0000000707400000, 0x0000000707400000, 0x0000000707500000|  0%| F|  |TAMS 0x0000000707400000, 0x0000000707400000| Untracked 
|  35|0x0000000707500000, 0x0000000707500000, 0x0000000707600000|  0%| F|  |TAMS 0x0000000707500000, 0x0000000707500000| Untracked 
|  36|0x0000000707600000, 0x0000000707600000, 0x0000000707700000|  0%| F|  |TAMS 0x0000000707600000, 0x0000000707600000| Untracked 
|  37|0x0000000707700000, 0x0000000707700000, 0x0000000707800000|  0%| F|  |TAMS 0x0000000707700000, 0x0000000707700000| Untracked 
|  38|0x0000000707800000, 0x0000000707800000, 0x0000000707900000|  0%| F|  |TAMS 0x0000000707800000, 0x0000000707800000| Untracked 
|  39|0x0000000707900000, 0x0000000707900000, 0x0000000707a00000|  0%| F|  |TAMS 0x0000000707900000, 0x0000000707900000| Untracked 
|  40|0x0000000707a00000, 0x0000000707a00000, 0x0000000707b00000|  0%| F|  |TAMS 0x0000000707a00000, 0x0000000707a00000| Untracked 
|  41|0x0000000707b00000, 0x0000000707b00000, 0x0000000707c00000|  0%| F|  |TAMS 0x0000000707b00000, 0x0000000707b00000| Untracked 
|  42|0x0000000707c00000, 0x0000000707c00000, 0x0000000707d00000|  0%| F|  |TAMS 0x0000000707c00000, 0x0000000707c00000| Untracked 
|  43|0x0000000707d00000, 0x0000000707d00000, 0x0000000707e00000|  0%| F|  |TAMS 0x0000000707d00000, 0x0000000707d00000| Untracked 
|  44|0x0000000707e00000, 0x0000000707e00000, 0x0000000707f00000|  0%| F|  |TAMS 0x0000000707e00000, 0x0000000707e00000| Untracked 
|  45|0x0000000707f00000, 0x0000000707f00000, 0x0000000708000000|  0%| F|  |TAMS 0x0000000707f00000, 0x0000000707f00000| Untracked 
|  46|0x0000000708000000, 0x0000000708000000, 0x0000000708100000|  0%| F|  |TAMS 0x0000000708000000, 0x0000000708000000| Untracked 
|  47|0x0000000708100000, 0x0000000708100000, 0x0000000708200000|  0%| F|  |TAMS 0x0000000708100000, 0x0000000708100000| Untracked 
|  48|0x0000000708200000, 0x0000000708200000, 0x0000000708300000|  0%| F|  |TAMS 0x0000000708200000, 0x0000000708200000| Untracked 
|  49|0x0000000708300000, 0x0000000708300000, 0x0000000708400000|  0%| F|  |TAMS 0x0000000708300000, 0x0000000708300000| Untracked 
|  50|0x0000000708400000, 0x0000000708400000, 0x0000000708500000|  0%| F|  |TAMS 0x0000000708400000, 0x0000000708400000| Untracked 
|  51|0x0000000708500000, 0x0000000708500000, 0x0000000708600000|  0%| F|  |TAMS 0x0000000708500000, 0x0000000708500000| Untracked 
|  52|0x0000000708600000, 0x0000000708600000, 0x0000000708700000|  0%| F|  |TAMS 0x0000000708600000, 0x0000000708600000| Untracked 
|  53|0x0000000708700000, 0x0000000708700000, 0x0000000708800000|  0%| F|  |TAMS 0x0000000708700000, 0x0000000708700000| Untracked 
|  54|0x0000000708800000, 0x0000000708800000, 0x0000000708900000|  0%| F|  |TAMS 0x0000000708800000, 0x0000000708800000| Untracked 
|  55|0x0000000708900000, 0x0000000708900000, 0x0000000708a00000|  0%| F|  |TAMS 0x0000000708900000, 0x0000000708900000| Untracked 
|  56|0x0000000708a00000, 0x0000000708a00000, 0x0000000708b00000|  0%| F|  |TAMS 0x0000000708a00000, 0x0000000708a00000| Untracked 
|  57|0x0000000708b00000, 0x0000000708b00000, 0x0000000708c00000|  0%| F|  |TAMS 0x0000000708b00000, 0x0000000708b00000| Untracked 
|  58|0x0000000708c00000, 0x0000000708c00000, 0x0000000708d00000|  0%| F|  |TAMS 0x0000000708c00000, 0x0000000708c00000| Untracked 
|  59|0x0000000708d00000, 0x0000000708d00000, 0x0000000708e00000|  0%| F|  |TAMS 0x0000000708d00000, 0x0000000708d00000| Untracked 
|  60|0x0000000708e00000, 0x0000000708e00000, 0x0000000708f00000|  0%| F|  |TAMS 0x0000000708e00000, 0x0000000708e00000| Untracked 
|  61|0x0000000708f00000, 0x0000000708f00000, 0x0000000709000000|  0%| F|  |TAMS 0x0000000708f00000, 0x0000000708f00000| Untracked 
|  62|0x0000000709000000, 0x0000000709000000, 0x0000000709100000|  0%| F|  |TAMS 0x0000000709000000, 0x0000000709000000| Untracked 
|  63|0x0000000709100000, 0x0000000709100000, 0x0000000709200000|  0%| F|  |TAMS 0x0000000709100000, 0x0000000709100000| Untracked 
|  64|0x0000000709200000, 0x0000000709200000, 0x0000000709300000|  0%| F|  |TAMS 0x0000000709200000, 0x0000000709200000| Untracked 
|  65|0x0000000709300000, 0x0000000709300000, 0x0000000709400000|  0%| F|  |TAMS 0x0000000709300000, 0x0000000709300000| Untracked 
|  66|0x0000000709400000, 0x0000000709400000, 0x0000000709500000|  0%| F|  |TAMS 0x0000000709400000, 0x0000000709400000| Untracked 
|  67|0x0000000709500000, 0x0000000709500000, 0x0000000709600000|  0%| F|  |TAMS 0x0000000709500000, 0x0000000709500000| Untracked 
|  68|0x0000000709600000, 0x0000000709600000, 0x0000000709700000|  0%| F|  |TAMS 0x0000000709600000, 0x0000000709600000| Untracked 
|  69|0x0000000709700000, 0x0000000709700000, 0x0000000709800000|  0%| F|  |TAMS 0x0000000709700000, 0x0000000709700000| Untracked 
|  70|0x0000000709800000, 0x0000000709800000, 0x0000000709900000|  0%| F|  |TAMS 0x0000000709800000, 0x0000000709800000| Untracked 
|  71|0x0000000709900000, 0x0000000709900000, 0x0000000709a00000|  0%| F|  |TAMS 0x0000000709900000, 0x0000000709900000| Untracked 
|  72|0x0000000709a00000, 0x0000000709a00000, 0x0000000709b00000|  0%| F|  |TAMS 0x0000000709a00000, 0x0000000709a00000| Untracked 
|  73|0x0000000709b00000, 0x0000000709b00000, 0x0000000709c00000|  0%| F|  |TAMS 0x0000000709b00000, 0x0000000709b00000| Untracked 
|  74|0x0000000709c00000, 0x0000000709c00000, 0x0000000709d00000|  0%| F|  |TAMS 0x0000000709c00000, 0x0000000709c00000| Untracked 
|  75|0x0000000709d00000, 0x0000000709d00000, 0x0000000709e00000|  0%| F|  |TAMS 0x0000000709d00000, 0x0000000709d00000| Untracked 
|  76|0x0000000709e00000, 0x0000000709e00000, 0x0000000709f00000|  0%| F|  |TAMS 0x0000000709e00000, 0x0000000709e00000| Untracked 
|  77|0x0000000709f00000, 0x0000000709f00000, 0x000000070a000000|  0%| F|  |TAMS 0x0000000709f00000, 0x0000000709f00000| Untracked 
|  78|0x000000070a000000, 0x000000070a000000, 0x000000070a100000|  0%| F|  |TAMS 0x000000070a000000, 0x000000070a000000| Untracked 
|  79|0x000000070a100000, 0x000000070a100000, 0x000000070a200000|  0%| F|  |TAMS 0x000000070a100000, 0x000000070a100000| Untracked 
|  80|0x000000070a200000, 0x000000070a200000, 0x000000070a300000|  0%| F|  |TAMS 0x000000070a200000, 0x000000070a200000| Untracked 
|  81|0x000000070a300000, 0x000000070a300000, 0x000000070a400000|  0%| F|  |TAMS 0x000000070a300000, 0x000000070a300000| Untracked 
|  82|0x000000070a400000, 0x000000070a400000, 0x000000070a500000|  0%| F|  |TAMS 0x000000070a400000, 0x000000070a400000| Untracked 
|  83|0x000000070a500000, 0x000000070a500000, 0x000000070a600000|  0%| F|  |TAMS 0x000000070a500000, 0x000000070a500000| Untracked 
|  84|0x000000070a600000, 0x000000070a600000, 0x000000070a700000|  0%| F|  |TAMS 0x000000070a600000, 0x000000070a600000| Untracked 
|  85|0x000000070a700000, 0x000000070a700000, 0x000000070a800000|  0%| F|  |TAMS 0x000000070a700000, 0x000000070a700000| Untracked 
|  86|0x000000070a800000, 0x000000070a800000, 0x000000070a900000|  0%| F|  |TAMS 0x000000070a800000, 0x000000070a800000| Untracked 
|  87|0x000000070a900000, 0x000000070a900000, 0x000000070aa00000|  0%| F|  |TAMS 0x000000070a900000, 0x000000070a900000| Untracked 
|  88|0x000000070aa00000, 0x000000070aa00000, 0x000000070ab00000|  0%| F|  |TAMS 0x000000070aa00000, 0x000000070aa00000| Untracked 
|  89|0x000000070ab00000, 0x000000070ab00000, 0x000000070ac00000|  0%| F|  |TAMS 0x000000070ab00000, 0x000000070ab00000| Untracked 
|  90|0x000000070ac00000, 0x000000070ac00000, 0x000000070ad00000|  0%| F|  |TAMS 0x000000070ac00000, 0x000000070ac00000| Untracked 
|  91|0x000000070ad00000, 0x000000070ad00000, 0x000000070ae00000|  0%| F|  |TAMS 0x000000070ad00000, 0x000000070ad00000| Untracked 
|  92|0x000000070ae00000, 0x000000070ae00000, 0x000000070af00000|  0%| F|  |TAMS 0x000000070ae00000, 0x000000070ae00000| Untracked 
|  93|0x000000070af00000, 0x000000070af00000, 0x000000070b000000|  0%| F|  |TAMS 0x000000070af00000, 0x000000070af00000| Untracked 
|  94|0x000000070b000000, 0x000000070b000000, 0x000000070b100000|  0%| F|  |TAMS 0x000000070b000000, 0x000000070b000000| Untracked 
|  95|0x000000070b100000, 0x000000070b100000, 0x000000070b200000|  0%| F|  |TAMS 0x000000070b100000, 0x000000070b100000| Untracked 
|  96|0x000000070b200000, 0x000000070b200000, 0x000000070b300000|  0%| F|  |TAMS 0x000000070b200000, 0x000000070b200000| Untracked 
|  97|0x000000070b300000, 0x000000070b300000, 0x000000070b400000|  0%| F|  |TAMS 0x000000070b300000, 0x000000070b300000| Untracked 
|  98|0x000000070b400000, 0x000000070b400000, 0x000000070b500000|  0%| F|  |TAMS 0x000000070b400000, 0x000000070b400000| Untracked 
|  99|0x000000070b500000, 0x000000070b500000, 0x000000070b600000|  0%| F|  |TAMS 0x000000070b500000, 0x000000070b500000| Untracked 
| 100|0x000000070b600000, 0x000000070b600000, 0x000000070b700000|  0%| F|  |TAMS 0x000000070b600000, 0x000000070b600000| Untracked 
| 101|0x000000070b700000, 0x000000070b700000, 0x000000070b800000|  0%| F|  |TAMS 0x000000070b700000, 0x000000070b700000| Untracked 
| 102|0x000000070b800000, 0x000000070b800000, 0x000000070b900000|  0%| F|  |TAMS 0x000000070b800000, 0x000000070b800000| Untracked 
| 103|0x000000070b900000, 0x000000070b900000, 0x000000070ba00000|  0%| F|  |TAMS 0x000000070b900000, 0x000000070b900000| Untracked 
| 104|0x000000070ba00000, 0x000000070ba00000, 0x000000070bb00000|  0%| F|  |TAMS 0x000000070ba00000, 0x000000070ba00000| Untracked 
| 105|0x000000070bb00000, 0x000000070bb00000, 0x000000070bc00000|  0%| F|  |TAMS 0x000000070bb00000, 0x000000070bb00000| Untracked 
| 106|0x000000070bc00000, 0x000000070bc00000, 0x000000070bd00000|  0%| F|  |TAMS 0x000000070bc00000, 0x000000070bc00000| Untracked 
| 107|0x000000070bd00000, 0x000000070bd00000, 0x000000070be00000|  0%| F|  |TAMS 0x000000070bd00000, 0x000000070bd00000| Untracked 
| 108|0x000000070be00000, 0x000000070be00000, 0x000000070bf00000|  0%| F|  |TAMS 0x000000070be00000, 0x000000070be00000| Untracked 
| 109|0x000000070bf00000, 0x000000070bf00000, 0x000000070c000000|  0%| F|  |TAMS 0x000000070bf00000, 0x000000070bf00000| Untracked 
| 110|0x000000070c000000, 0x000000070c000000, 0x000000070c100000|  0%| F|  |TAMS 0x000000070c000000, 0x000000070c000000| Untracked 
| 111|0x000000070c100000, 0x000000070c100000, 0x000000070c200000|  0%| F|  |TAMS 0x000000070c100000, 0x000000070c100000| Untracked 
| 112|0x000000070c200000, 0x000000070c200000, 0x000000070c300000|  0%| F|  |TAMS 0x000000070c200000, 0x000000070c200000| Untracked 
| 113|0x000000070c300000, 0x000000070c300000, 0x000000070c400000|  0%| F|  |TAMS 0x000000070c300000, 0x000000070c300000| Untracked 
| 114|0x000000070c400000, 0x000000070c400000, 0x000000070c500000|  0%| F|  |TAMS 0x000000070c400000, 0x000000070c400000| Untracked 
| 115|0x000000070c500000, 0x000000070c500000, 0x000000070c600000|  0%| F|  |TAMS 0x000000070c500000, 0x000000070c500000| Untracked 
| 116|0x000000070c600000, 0x000000070c600000, 0x000000070c700000|  0%| F|  |TAMS 0x000000070c600000, 0x000000070c600000| Untracked 
| 117|0x000000070c700000, 0x000000070c700000, 0x000000070c800000|  0%| F|  |TAMS 0x000000070c700000, 0x000000070c700000| Untracked 
| 118|0x000000070c800000, 0x000000070c800000, 0x000000070c900000|  0%| F|  |TAMS 0x000000070c800000, 0x000000070c800000| Untracked 
| 119|0x000000070c900000, 0x000000070c900000, 0x000000070ca00000|  0%| F|  |TAMS 0x000000070c900000, 0x000000070c900000| Untracked 
| 120|0x000000070ca00000, 0x000000070ca00000, 0x000000070cb00000|  0%| F|  |TAMS 0x000000070ca00000, 0x000000070ca00000| Untracked 
| 121|0x000000070cb00000, 0x000000070cb00000, 0x000000070cc00000|  0%| F|  |TAMS 0x000000070cb00000, 0x000000070cb00000| Untracked 
| 122|0x000000070cc00000, 0x000000070cc00000, 0x000000070cd00000|  0%| F|  |TAMS 0x000000070cc00000, 0x000000070cc00000| Untracked 
| 123|0x000000070cd00000, 0x000000070cd00000, 0x000000070ce00000|  0%| F|  |TAMS 0x000000070cd00000, 0x000000070cd00000| Untracked 
| 124|0x000000070ce00000, 0x000000070ce00000, 0x000000070cf00000|  0%| F|  |TAMS 0x000000070ce00000, 0x000000070ce00000| Untracked 
| 125|0x000000070cf00000, 0x000000070cf00000, 0x000000070d000000|  0%| F|  |TAMS 0x000000070cf00000, 0x000000070cf00000| Untracked 
| 126|0x000000070d000000, 0x000000070d000000, 0x000000070d100000|  0%| F|  |TAMS 0x000000070d000000, 0x000000070d000000| Untracked 
| 127|0x000000070d100000, 0x000000070d100000, 0x000000070d200000|  0%| F|  |TAMS 0x000000070d100000, 0x000000070d100000| Untracked 
| 128|0x000000070d200000, 0x000000070d200000, 0x000000070d300000|  0%| F|  |TAMS 0x000000070d200000, 0x000000070d200000| Untracked 
| 129|0x000000070d300000, 0x000000070d300000, 0x000000070d400000|  0%| F|  |TAMS 0x000000070d300000, 0x000000070d300000| Untracked 
| 130|0x000000070d400000, 0x000000070d400000, 0x000000070d500000|  0%| F|  |TAMS 0x000000070d400000, 0x000000070d400000| Untracked 
| 131|0x000000070d500000, 0x000000070d500000, 0x000000070d600000|  0%| F|  |TAMS 0x000000070d500000, 0x000000070d500000| Untracked 
| 132|0x000000070d600000, 0x000000070d600000, 0x000000070d700000|  0%| F|  |TAMS 0x000000070d600000, 0x000000070d600000| Untracked 
| 133|0x000000070d700000, 0x000000070d700000, 0x000000070d800000|  0%| F|  |TAMS 0x000000070d700000, 0x000000070d700000| Untracked 
| 134|0x000000070d800000, 0x000000070d800000, 0x000000070d900000|  0%| F|  |TAMS 0x000000070d800000, 0x000000070d800000| Untracked 
| 135|0x000000070d900000, 0x000000070d900000, 0x000000070da00000|  0%| F|  |TAMS 0x000000070d900000, 0x000000070d900000| Untracked 
| 136|0x000000070da00000, 0x000000070da00000, 0x000000070db00000|  0%| F|  |TAMS 0x000000070da00000, 0x000000070da00000| Untracked 
| 137|0x000000070db00000, 0x000000070db00000, 0x000000070dc00000|  0%| F|  |TAMS 0x000000070db00000, 0x000000070db00000| Untracked 
| 138|0x000000070dc00000, 0x000000070dc00000, 0x000000070dd00000|  0%| F|  |TAMS 0x000000070dc00000, 0x000000070dc00000| Untracked 
| 139|0x000000070dd00000, 0x000000070dd00000, 0x000000070de00000|  0%| F|  |TAMS 0x000000070dd00000, 0x000000070dd00000| Untracked 
| 140|0x000000070de00000, 0x000000070de00000, 0x000000070df00000|  0%| F|  |TAMS 0x000000070de00000, 0x000000070de00000| Untracked 
| 141|0x000000070df00000, 0x000000070df00000, 0x000000070e000000|  0%| F|  |TAMS 0x000000070df00000, 0x000000070df00000| Untracked 
| 142|0x000000070e000000, 0x000000070e000000, 0x000000070e100000|  0%| F|  |TAMS 0x000000070e000000, 0x000000070e000000| Untracked 
| 143|0x000000070e100000, 0x000000070e100000, 0x000000070e200000|  0%| F|  |TAMS 0x000000070e100000, 0x000000070e100000| Untracked 
| 144|0x000000070e200000, 0x000000070e200000, 0x000000070e300000|  0%| F|  |TAMS 0x000000070e200000, 0x000000070e200000| Untracked 
| 145|0x000000070e300000, 0x000000070e300000, 0x000000070e400000|  0%| F|  |TAMS 0x000000070e300000, 0x000000070e300000| Untracked 
| 146|0x000000070e400000, 0x000000070e400000, 0x000000070e500000|  0%| F|  |TAMS 0x000000070e400000, 0x000000070e400000| Untracked 
| 147|0x000000070e500000, 0x000000070e500000, 0x000000070e600000|  0%| F|  |TAMS 0x000000070e500000, 0x000000070e500000| Untracked 
| 148|0x000000070e600000, 0x000000070e600000, 0x000000070e700000|  0%| F|  |TAMS 0x000000070e600000, 0x000000070e600000| Untracked 
| 149|0x000000070e700000, 0x000000070e700000, 0x000000070e800000|  0%| F|  |TAMS 0x000000070e700000, 0x000000070e700000| Untracked 
| 150|0x000000070e800000, 0x000000070e800000, 0x000000070e900000|  0%| F|  |TAMS 0x000000070e800000, 0x000000070e800000| Untracked 
| 151|0x000000070e900000, 0x000000070e900000, 0x000000070ea00000|  0%| F|  |TAMS 0x000000070e900000, 0x000000070e900000| Untracked 
| 152|0x000000070ea00000, 0x000000070ea00000, 0x000000070eb00000|  0%| F|  |TAMS 0x000000070ea00000, 0x000000070ea00000| Untracked 
| 153|0x000000070eb00000, 0x000000070eb00000, 0x000000070ec00000|  0%| F|  |TAMS 0x000000070eb00000, 0x000000070eb00000| Untracked 
| 154|0x000000070ec00000, 0x000000070ec00000, 0x000000070ed00000|  0%| F|  |TAMS 0x000000070ec00000, 0x000000070ec00000| Untracked 
| 155|0x000000070ed00000, 0x000000070ed00000, 0x000000070ee00000|  0%| F|  |TAMS 0x000000070ed00000, 0x000000070ed00000| Untracked 
| 156|0x000000070ee00000, 0x000000070ee00000, 0x000000070ef00000|  0%| F|  |TAMS 0x000000070ee00000, 0x000000070ee00000| Untracked 
| 157|0x000000070ef00000, 0x000000070ef00000, 0x000000070f000000|  0%| F|  |TAMS 0x000000070ef00000, 0x000000070ef00000| Untracked 
| 158|0x000000070f000000, 0x000000070f000000, 0x000000070f100000|  0%| F|  |TAMS 0x000000070f000000, 0x000000070f000000| Untracked 
| 159|0x000000070f100000, 0x000000070f100000, 0x000000070f200000|  0%| F|  |TAMS 0x000000070f100000, 0x000000070f100000| Untracked 
| 160|0x000000070f200000, 0x000000070f200000, 0x000000070f300000|  0%| F|  |TAMS 0x000000070f200000, 0x000000070f200000| Untracked 
| 161|0x000000070f300000, 0x000000070f300000, 0x000000070f400000|  0%| F|  |TAMS 0x000000070f300000, 0x000000070f300000| Untracked 
| 162|0x000000070f400000, 0x000000070f400000, 0x000000070f500000|  0%| F|  |TAMS 0x000000070f400000, 0x000000070f400000| Untracked 
| 163|0x000000070f500000, 0x000000070f500000, 0x000000070f600000|  0%| F|  |TAMS 0x000000070f500000, 0x000000070f500000| Untracked 
| 164|0x000000070f600000, 0x000000070f600000, 0x000000070f700000|  0%| F|  |TAMS 0x000000070f600000, 0x000000070f600000| Untracked 
| 165|0x000000070f700000, 0x000000070f700000, 0x000000070f800000|  0%| F|  |TAMS 0x000000070f700000, 0x000000070f700000| Untracked 
| 166|0x000000070f800000, 0x000000070f800000, 0x000000070f900000|  0%| F|  |TAMS 0x000000070f800000, 0x000000070f800000| Untracked 
| 167|0x000000070f900000, 0x000000070f900000, 0x000000070fa00000|  0%| F|  |TAMS 0x000000070f900000, 0x000000070f900000| Untracked 
| 168|0x000000070fa00000, 0x000000070fa00000, 0x000000070fb00000|  0%| F|  |TAMS 0x000000070fa00000, 0x000000070fa00000| Untracked 
| 169|0x000000070fb00000, 0x000000070fb00000, 0x000000070fc00000|  0%| F|  |TAMS 0x000000070fb00000, 0x000000070fb00000| Untracked 
| 170|0x000000070fc00000, 0x000000070fc00000, 0x000000070fd00000|  0%| F|  |TAMS 0x000000070fc00000, 0x000000070fc00000| Untracked 
| 171|0x000000070fd00000, 0x000000070fd00000, 0x000000070fe00000|  0%| F|  |TAMS 0x000000070fd00000, 0x000000070fd00000| Untracked 
| 172|0x000000070fe00000, 0x000000070fe00000, 0x000000070ff00000|  0%| F|  |TAMS 0x000000070fe00000, 0x000000070fe00000| Untracked 
| 173|0x000000070ff00000, 0x000000070ff00000, 0x0000000710000000|  0%| F|  |TAMS 0x000000070ff00000, 0x000000070ff00000| Untracked 
| 174|0x0000000710000000, 0x0000000710000000, 0x0000000710100000|  0%| F|  |TAMS 0x0000000710000000, 0x0000000710000000| Untracked 
| 175|0x0000000710100000, 0x0000000710100000, 0x0000000710200000|  0%| F|  |TAMS 0x0000000710100000, 0x0000000710100000| Untracked 
| 176|0x0000000710200000, 0x0000000710200000, 0x0000000710300000|  0%| F|  |TAMS 0x0000000710200000, 0x0000000710200000| Untracked 
| 177|0x0000000710300000, 0x0000000710300000, 0x0000000710400000|  0%| F|  |TAMS 0x0000000710300000, 0x0000000710300000| Untracked 
| 178|0x0000000710400000, 0x0000000710400000, 0x0000000710500000|  0%| F|  |TAMS 0x0000000710400000, 0x0000000710400000| Untracked 
| 179|0x0000000710500000, 0x0000000710500000, 0x0000000710600000|  0%| F|  |TAMS 0x0000000710500000, 0x0000000710500000| Untracked 
| 180|0x0000000710600000, 0x0000000710600000, 0x0000000710700000|  0%| F|  |TAMS 0x0000000710600000, 0x0000000710600000| Untracked 
| 181|0x0000000710700000, 0x0000000710700000, 0x0000000710800000|  0%| F|  |TAMS 0x0000000710700000, 0x0000000710700000| Untracked 
| 182|0x0000000710800000, 0x0000000710800000, 0x0000000710900000|  0%| F|  |TAMS 0x0000000710800000, 0x0000000710800000| Untracked 
| 183|0x0000000710900000, 0x0000000710900000, 0x0000000710a00000|  0%| F|  |TAMS 0x0000000710900000, 0x0000000710900000| Untracked 
| 184|0x0000000710a00000, 0x0000000710a00000, 0x0000000710b00000|  0%| F|  |TAMS 0x0000000710a00000, 0x0000000710a00000| Untracked 
| 185|0x0000000710b00000, 0x0000000710b00000, 0x0000000710c00000|  0%| F|  |TAMS 0x0000000710b00000, 0x0000000710b00000| Untracked 
| 186|0x0000000710c00000, 0x0000000710c00000, 0x0000000710d00000|  0%| F|  |TAMS 0x0000000710c00000, 0x0000000710c00000| Untracked 
| 187|0x0000000710d00000, 0x0000000710d00000, 0x0000000710e00000|  0%| F|  |TAMS 0x0000000710d00000, 0x0000000710d00000| Untracked 
| 188|0x0000000710e00000, 0x0000000710e00000, 0x0000000710f00000|  0%| F|  |TAMS 0x0000000710e00000, 0x0000000710e00000| Untracked 
| 189|0x0000000710f00000, 0x0000000710f00000, 0x0000000711000000|  0%| F|  |TAMS 0x0000000710f00000, 0x0000000710f00000| Untracked 
| 190|0x0000000711000000, 0x0000000711000000, 0x0000000711100000|  0%| F|  |TAMS 0x0000000711000000, 0x0000000711000000| Untracked 
| 191|0x0000000711100000, 0x0000000711100000, 0x0000000711200000|  0%| F|  |TAMS 0x0000000711100000, 0x0000000711100000| Untracked 
| 192|0x0000000711200000, 0x0000000711200000, 0x0000000711300000|  0%| F|  |TAMS 0x0000000711200000, 0x0000000711200000| Untracked 
| 193|0x0000000711300000, 0x0000000711300000, 0x0000000711400000|  0%| F|  |TAMS 0x0000000711300000, 0x0000000711300000| Untracked 
| 194|0x0000000711400000, 0x0000000711400000, 0x0000000711500000|  0%| F|  |TAMS 0x0000000711400000, 0x0000000711400000| Untracked 
| 195|0x0000000711500000, 0x0000000711500000, 0x0000000711600000|  0%| F|  |TAMS 0x0000000711500000, 0x0000000711500000| Untracked 
| 196|0x0000000711600000, 0x0000000711600000, 0x0000000711700000|  0%| F|  |TAMS 0x0000000711600000, 0x0000000711600000| Untracked 
| 197|0x0000000711700000, 0x0000000711700000, 0x0000000711800000|  0%| F|  |TAMS 0x0000000711700000, 0x0000000711700000| Untracked 
| 198|0x0000000711800000, 0x0000000711800000, 0x0000000711900000|  0%| F|  |TAMS 0x0000000711800000, 0x0000000711800000| Untracked 
| 199|0x0000000711900000, 0x0000000711900000, 0x0000000711a00000|  0%| F|  |TAMS 0x0000000711900000, 0x0000000711900000| Untracked 
| 200|0x0000000711a00000, 0x0000000711a00000, 0x0000000711b00000|  0%| F|  |TAMS 0x0000000711a00000, 0x0000000711a00000| Untracked 
| 201|0x0000000711b00000, 0x0000000711b00000, 0x0000000711c00000|  0%| F|  |TAMS 0x0000000711b00000, 0x0000000711b00000| Untracked 
| 202|0x0000000711c00000, 0x0000000711c00000, 0x0000000711d00000|  0%| F|  |TAMS 0x0000000711c00000, 0x0000000711c00000| Untracked 
| 203|0x0000000711d00000, 0x0000000711d00000, 0x0000000711e00000|  0%| F|  |TAMS 0x0000000711d00000, 0x0000000711d00000| Untracked 
| 204|0x0000000711e00000, 0x0000000711e00000, 0x0000000711f00000|  0%| F|  |TAMS 0x0000000711e00000, 0x0000000711e00000| Untracked 
| 205|0x0000000711f00000, 0x0000000711f00000, 0x0000000712000000|  0%| F|  |TAMS 0x0000000711f00000, 0x0000000711f00000| Untracked 
| 206|0x0000000712000000, 0x0000000712000000, 0x0000000712100000|  0%| F|  |TAMS 0x0000000712000000, 0x0000000712000000| Untracked 
| 207|0x0000000712100000, 0x0000000712100000, 0x0000000712200000|  0%| F|  |TAMS 0x0000000712100000, 0x0000000712100000| Untracked 
| 208|0x0000000712200000, 0x0000000712200000, 0x0000000712300000|  0%| F|  |TAMS 0x0000000712200000, 0x0000000712200000| Untracked 
| 209|0x0000000712300000, 0x0000000712300000, 0x0000000712400000|  0%| F|  |TAMS 0x0000000712300000, 0x0000000712300000| Untracked 
| 210|0x0000000712400000, 0x0000000712400000, 0x0000000712500000|  0%| F|  |TAMS 0x0000000712400000, 0x0000000712400000| Untracked 
| 211|0x0000000712500000, 0x0000000712500000, 0x0000000712600000|  0%| F|  |TAMS 0x0000000712500000, 0x0000000712500000| Untracked 
| 212|0x0000000712600000, 0x0000000712600000, 0x0000000712700000|  0%| F|  |TAMS 0x0000000712600000, 0x0000000712600000| Untracked 
| 213|0x0000000712700000, 0x0000000712700000, 0x0000000712800000|  0%| F|  |TAMS 0x0000000712700000, 0x0000000712700000| Untracked 
| 214|0x0000000712800000, 0x0000000712800000, 0x0000000712900000|  0%| F|  |TAMS 0x0000000712800000, 0x0000000712800000| Untracked 
| 215|0x0000000712900000, 0x0000000712900000, 0x0000000712a00000|  0%| F|  |TAMS 0x0000000712900000, 0x0000000712900000| Untracked 
| 216|0x0000000712a00000, 0x0000000712a00000, 0x0000000712b00000|  0%| F|  |TAMS 0x0000000712a00000, 0x0000000712a00000| Untracked 
| 217|0x0000000712b00000, 0x0000000712b00000, 0x0000000712c00000|  0%| F|  |TAMS 0x0000000712b00000, 0x0000000712b00000| Untracked 
| 218|0x0000000712c00000, 0x0000000712c00000, 0x0000000712d00000|  0%| F|  |TAMS 0x0000000712c00000, 0x0000000712c00000| Untracked 
| 219|0x0000000712d00000, 0x0000000712d00000, 0x0000000712e00000|  0%| F|  |TAMS 0x0000000712d00000, 0x0000000712d00000| Untracked 
| 220|0x0000000712e00000, 0x0000000712e00000, 0x0000000712f00000|  0%| F|  |TAMS 0x0000000712e00000, 0x0000000712e00000| Untracked 
| 221|0x0000000712f00000, 0x0000000712f00000, 0x0000000713000000|  0%| F|  |TAMS 0x0000000712f00000, 0x0000000712f00000| Untracked 
| 222|0x0000000713000000, 0x0000000713000000, 0x0000000713100000|  0%| F|  |TAMS 0x0000000713000000, 0x0000000713000000| Untracked 
| 223|0x0000000713100000, 0x0000000713100000, 0x0000000713200000|  0%| F|  |TAMS 0x0000000713100000, 0x0000000713100000| Untracked 
| 224|0x0000000713200000, 0x0000000713200000, 0x0000000713300000|  0%| F|  |TAMS 0x0000000713200000, 0x0000000713200000| Untracked 
| 225|0x0000000713300000, 0x0000000713300000, 0x0000000713400000|  0%| F|  |TAMS 0x0000000713300000, 0x0000000713300000| Untracked 
| 226|0x0000000713400000, 0x0000000713400000, 0x0000000713500000|  0%| F|  |TAMS 0x0000000713400000, 0x0000000713400000| Untracked 
| 227|0x0000000713500000, 0x0000000713500000, 0x0000000713600000|  0%| F|  |TAMS 0x0000000713500000, 0x0000000713500000| Untracked 
| 228|0x0000000713600000, 0x0000000713600000, 0x0000000713700000|  0%| F|  |TAMS 0x0000000713600000, 0x0000000713600000| Untracked 
| 229|0x0000000713700000, 0x0000000713700000, 0x0000000713800000|  0%| F|  |TAMS 0x0000000713700000, 0x0000000713700000| Untracked 
| 230|0x0000000713800000, 0x0000000713800000, 0x0000000713900000|  0%| F|  |TAMS 0x0000000713800000, 0x0000000713800000| Untracked 
| 231|0x0000000713900000, 0x0000000713900000, 0x0000000713a00000|  0%| F|  |TAMS 0x0000000713900000, 0x0000000713900000| Untracked 
| 232|0x0000000713a00000, 0x0000000713a00000, 0x0000000713b00000|  0%| F|  |TAMS 0x0000000713a00000, 0x0000000713a00000| Untracked 
| 233|0x0000000713b00000, 0x0000000713b00000, 0x0000000713c00000|  0%| F|  |TAMS 0x0000000713b00000, 0x0000000713b00000| Untracked 
| 234|0x0000000713c00000, 0x0000000713c00000, 0x0000000713d00000|  0%| F|  |TAMS 0x0000000713c00000, 0x0000000713c00000| Untracked 
| 235|0x0000000713d00000, 0x0000000713d00000, 0x0000000713e00000|  0%| F|  |TAMS 0x0000000713d00000, 0x0000000713d00000| Untracked 
| 236|0x0000000713e00000, 0x0000000713e00000, 0x0000000713f00000|  0%| F|  |TAMS 0x0000000713e00000, 0x0000000713e00000| Untracked 
| 237|0x0000000713f00000, 0x0000000713f00000, 0x0000000714000000|  0%| F|  |TAMS 0x0000000713f00000, 0x0000000713f00000| Untracked 
| 238|0x0000000714000000, 0x0000000714000000, 0x0000000714100000|  0%| F|  |TAMS 0x0000000714000000, 0x0000000714000000| Untracked 
| 239|0x0000000714100000, 0x0000000714100000, 0x0000000714200000|  0%| F|  |TAMS 0x0000000714100000, 0x0000000714100000| Untracked 
| 240|0x0000000714200000, 0x0000000714200000, 0x0000000714300000|  0%| F|  |TAMS 0x0000000714200000, 0x0000000714200000| Untracked 
| 241|0x0000000714300000, 0x0000000714300000, 0x0000000714400000|  0%| F|  |TAMS 0x0000000714300000, 0x0000000714300000| Untracked 
| 242|0x0000000714400000, 0x000000071447ba20, 0x0000000714500000| 48%| E|  |TAMS 0x0000000714400000, 0x0000000714400000| Complete 
| 243|0x0000000714500000, 0x0000000714600000, 0x0000000714600000|100%| E|CS|TAMS 0x0000000714500000, 0x0000000714500000| Complete 
| 244|0x0000000714600000, 0x0000000714700000, 0x0000000714700000|100%| E|CS|TAMS 0x0000000714600000, 0x0000000714600000| Complete 
| 245|0x0000000714700000, 0x0000000714800000, 0x0000000714800000|100%| E|CS|TAMS 0x0000000714700000, 0x0000000714700000| Complete 
| 246|0x0000000714800000, 0x0000000714900000, 0x0000000714900000|100%| E|CS|TAMS 0x0000000714800000, 0x0000000714800000| Complete 
| 247|0x0000000714900000, 0x0000000714a00000, 0x0000000714a00000|100%| E|CS|TAMS 0x0000000714900000, 0x0000000714900000| Complete 
| 248|0x0000000714a00000, 0x0000000714b00000, 0x0000000714b00000|100%| E|CS|TAMS 0x0000000714a00000, 0x0000000714a00000| Complete 
| 249|0x0000000714b00000, 0x0000000714c00000, 0x0000000714c00000|100%| E|CS|TAMS 0x0000000714b00000, 0x0000000714b00000| Complete 
| 250|0x0000000714c00000, 0x0000000714d00000, 0x0000000714d00000|100%| E|CS|TAMS 0x0000000714c00000, 0x0000000714c00000| Complete 
| 251|0x0000000714d00000, 0x0000000714e00000, 0x0000000714e00000|100%| E|CS|TAMS 0x0000000714d00000, 0x0000000714d00000| Complete 

Card table byte_map: [0x00007f6d94487000,0x00007f6d94c5e000] _byte_map_base: 0x00007f6d90c5e000

Marking Bits (Prev, Next): (CMBitMap*) 0x00007f6dac08eda8, (CMBitMap*) 0x00007f6dac08ede0
 Prev Bits: [0x00007f6d8b971000, 0x00007f6d8f829000)
 Next Bits: [0x00007f6d87ab9000, 0x00007f6d8b971000)

Polling page: 0x00007f6db6166000

Metaspace:

Usage:
  Non-class:      7,77 MB capacity,     7,57 MB ( 97%) used,   173,47 KB (  2%) free+waste,    31,81 KB ( <1%) overhead. 
      Class:    997,00 KB capacity,   857,66 KB ( 86%) used,   122,78 KB ( 12%) free+waste,    16,56 KB (  2%) overhead. 
       Both:      8,75 MB capacity,     8,41 MB ( 96%) used,   296,25 KB (  3%) free+waste,    48,38 KB ( <1%) overhead. 

Virtual space:
  Non-class space:        8,00 MB reserved,       8,00 MB (100%) committed 
      Class space:        1,00 GB reserved,       1,00 MB ( <1%) committed 
             Both:        1,01 GB reserved,       9,00 MB ( <1%) committed 

Chunk freelists:
   Non-Class:  4,38 KB
       Class:  0 bytes
        Both:  4,38 KB

CodeHeap 'non-profiled nmethods': size=120032Kb used=322Kb max_used=324Kb free=119709Kb
 bounds [0x00007f6d9c726000, 0x00007f6d9c996000, 0x00007f6da3c5e000]
CodeHeap 'profiled nmethods': size=120028Kb used=1050Kb max_used=1191Kb free=118977Kb
 bounds [0x00007f6d951ef000, 0x00007f6d9545f000, 0x00007f6d9c726000]
CodeHeap 'non-nmethods': size=5700Kb used=1153Kb max_used=1186Kb free=4546Kb
 bounds [0x00007f6d94c5e000, 0x00007f6d94ece000, 0x00007f6d951ef000]
 total_blobs=1335 nmethods=720 adapters=318
 compilation: enabled
              stopped_count=0, restarted_count=0
 full_count=0

Compilation events (10 events):
Event: 15,717 Thread 0x00007f6dac298800 nmethod 781 0x00007f6d9523fa90 code [0x00007f6d9523fca0, 0x00007f6d952402d8]
Event: 15,718 Thread 0x00007f6dac298800  779  s    1       caoss.simulator.hardware.Clock::getTime (5 bytes)
Event: 15,718 Thread 0x00007f6dac298800 nmethod 779 0x00007f6d9c743d90 code [0x00007f6d9c743f40, 0x00007f6d9c7441d0]
Event: 15,722 Thread 0x00007f6dac296800 nmethod 769 0x00007f6d9c743610 code [0x00007f6d9c7437a0, 0x00007f6d9c743bd8]
Event: 15,722 Thread 0x00007f6dac296800  776 % !   4       caoss.simulator.console.ExecCommand::run @ 82 (112 bytes)
Event: 15,725 Thread 0x00007f6dac296800 nmethod 776% 0x00007f6d9c73ca10 code [0x00007f6d9c73cbc0, 0x00007f6d9c73ce18]
Event: 1038,052 Thread 0x00007f6dac298800  782       3       java.lang.StringConcatHelper::mixCoder (2 bytes)
Event: 1038,053 Thread 0x00007f6dac298800 nmethod 782 0x00007f6d951ef290 code [0x00007f6d951ef440, 0x00007f6d951ef570]
Event: 1038,053 Thread 0x00007f6dac298800  783       3       java.lang.invoke.LambdaForm$DMH/0x00000008000ab840::invokeStatic (20 bytes)
Event: 1038,053 Thread 0x00007f6dac298800 nmethod 783 0x00007f6d951f8190 code [0x00007f6d951f8380, 0x00007f6d951f88d8]

GC Heap History (0 events):
No events

Deoptimization events (4 events):
Event: 6,573 Thread 0x00007f6dac485800 Uncommon trap: reason=unstable_if action=reinterpret pc=0x00007f6d9c744104 method=caoss.simulator.hardware.Clock.run()V @ 8 c2
Event: 6,659 Thread 0x00007f6dac485800 Uncommon trap: reason=null_assert_or_unreached0 action=make_not_entrant pc=0x00007f6d9c73cd94 method=caoss.simulator.hardware.SimpleCPUCore.tick()V @ 81 c2
Event: 6,659 Thread 0x00007f6dac485800 Uncommon trap: reason=unstable_if action=reinterpret pc=0x00007f6d9c73b1f8 method=caoss.simulator.hardware.Timer.tick()V @ 4 c2
Event: 6,666 Thread 0x00007f6dac485800 Uncommon trap: reason=unstable_if action=reinterpret pc=0x00007f6d9c739d80 method=caoss.simulator.hardware.devices.DummyIODevice.tick()V @ 11 c2

Classes redefined (4 events):
Event: 150,370 Thread 0x00007f6dac276800 redefined class name=caoss.simulator.os.scheduling.FSOScheduler, count=1
Event: 569,409 Thread 0x00007f6dac276800 redefined class name=caoss.simulator.os.scheduling.FSOScheduler, count=2
Event: 1038,008 Thread 0x00007f6dac276800 redefined class name=caoss.simulator.os.scheduling.FSOScheduler, count=3
Event: 1828,379 Thread 0x00007f6dac276800 redefined class name=caoss.simulator.os.scheduling.FSOScheduler, count=4

Internal exceptions (10 events):
Event: 6,611 Thread 0x00007f6dac016800 Exception <a 'java/lang/NoSuchMethodError'{0x00000007148646a0}: java.lang.invoke.DirectMethodHandle$Holder.invokeStatic(Ljava/lang/Object;Ljava/lang/Object;Ljava/lang/Object;Ljava/lang/Object;Ljava/lang/Object;Ljava/lang/Object;Ljava/lang/Object;Ljava/lan
Event: 6,613 Thread 0x00007f6dac016800 Exception <a 'java/lang/NoSuchMethodError'{0x0000000714872070}: java.lang.invoke.DirectMethodHandle$Holder.invokeStatic(Ljava/lang/Object;Ljava/lang/Object;Ljava/lang/Object;Ljava/lang/Object;Ljava/lang/Object;Ljava/lang/Object;Ljava/lang/Object;Ljava/lan
Event: 6,614 Thread 0x00007f6dac016800 Exception <a 'java/lang/NoSuchMethodError'{0x000000071487fd68}: java.lang.invoke.DirectMethodHandle$Holder.invokeStatic(Ljava/lang/Object;Ljava/lang/Object;Ljava/lang/Object;Ljava/lang/Object;Ljava/lang/Object;Ljava/lang/Object;Ljava/lang/Object;Ljava/lan
Event: 6,617 Thread 0x00007f6dac016800 Exception <a 'java/lang/NoSuchMethodError'{0x00000007148b9048}: java.lang.invoke.DirectMethodHandle$Holder.invokeStatic(Ljava/lang/Object;Ljava/lang/Object;Ljava/lang/Object;Ljava/lang/Object;Ljava/lang/Object;Ljava/lang/Object;Ljava/lang/Object;Ljava/lan
Event: 6,619 Thread 0x00007f6dac016800 Exception <a 'java/lang/NoSuchMethodError'{0x00000007148d3de8}: java.lang.invoke.DirectMethodHandle$Holder.invokeStatic(Ljava/lang/Object;Ljava/lang/Object;Ljava/lang/Object;Ljava/lang/Object;Ljava/lang/Object;Ljava/lang/Object;Ljava/lang/Object;Ljava/lan
Event: 6,636 Thread 0x00007f6dac016800 Exception <a 'java/lang/NoSuchMethodError'{0x00000007147a9ca0}: java.lang.invoke.DelegatingMethodHandle$Holder.reinvoke_L(Ljava/lang/Object;JLjava/lang/Object;)Ljava/lang/Object;> (0x00000007147a9ca0) thrown at [/scratch/opt/mach5/mesos/work_dir/slaves/c4
Event: 6,644 Thread 0x00007f6dac016800 Exception <a 'java/lang/NoSuchMethodError'{0x0000000714623f08}: java.lang.invoke.DirectMethodHandle$Holder.invokeSpecial(Ljava/lang/Object;Ljava/lang/Object;IIJII)Ljava/lang/Object;> (0x0000000714623f08) thrown at [/scratch/opt/mach5/mesos/work_dir/slaves
Event: 6,644 Thread 0x00007f6dac016800 Exception <a 'java/lang/NoSuchMethodError'{0x0000000714627188}: java.lang.invoke.DelegatingMethodHandle$Holder.reinvoke_L(Ljava/lang/Object;IIJII)Ljava/lang/Object;> (0x0000000714627188) thrown at [/scratch/opt/mach5/mesos/work_dir/slaves/c4ee7e63-1ded-4e
Event: 6,645 Thread 0x00007f6dac016800 Exception <a 'java/lang/NoSuchMethodError'{0x0000000714634ba8}: java.lang.invoke.DirectMethodHandle$Holder.invokeStatic(Ljava/lang/Object;Ljava/lang/Object;Ljava/lang/Object;Ljava/lang/Object;Ljava/lang/Object;Ljava/lang/Object;I)Ljava/lang/Object;> (0x00
Event: 6,658 Thread 0x00007f6dac016800 Exception <a 'java/lang/NoSuchMethodError'{0x000000071450bbc8}: java.lang.invoke.Invokers$Holder.linkToTargetMethod(JLjava/lang/Object;)Ljava/lang/Object;> (0x000000071450bbc8) thrown at [/scratch/opt/mach5/mesos/work_dir/slaves/c4ee7e63-1ded-4e8c-9581-ce

Events (10 events):
Event: 1828,379 Executing VM operation: RedefineClasses done
Event: 1828,380 Executing VM operation: GetFrameCount
Event: 1828,380 Executing VM operation: GetFrameCount done
Event: 1828,380 Executing VM operation: GetFrameCount
Event: 1828,380 Executing VM operation: GetFrameCount done
Event: 1828,380 Executing VM operation: GetStackTrace
Event: 1828,380 Executing VM operation: GetStackTrace done
Event: 1828,380 Executing VM operation: GetFrameLocation
Event: 1828,380 Executing VM operation: GetFrameLocation done
Event: 1828,380 Executing VM operation: GetOrSetLocal


Dynamic libraries:
00400000-00401000 r-xp 00000000 08:01 4726316                            /home/bernardo/Java/Openjdk11/openjdk-11_linux-x64_bin/jdk-11/bin/java
00600000-00601000 r--p 00000000 08:01 4726316                            /home/bernardo/Java/Openjdk11/openjdk-11_linux-x64_bin/jdk-11/bin/java
00601000-00602000 rw-p 00001000 08:01 4726316                            /home/bernardo/Java/Openjdk11/openjdk-11_linux-x64_bin/jdk-11/bin/java
01969000-0198a000 rw-p 00000000 00:00 0                                  [heap]
705200000-714e00000 rw-p 00000000 00:00 0 
714e00000-800000000 ---p 00000000 00:00 0 
800000000-800100000 rw-p 00000000 00:00 0 
800100000-840000000 ---p 00000000 00:00 0 
7f6d34000000-7f6d34021000 rw-p 00000000 00:00 0 
7f6d34021000-7f6d38000000 ---p 00000000 00:00 0 
7f6d38000000-7f6d38064000 rw-p 00000000 00:00 0 
7f6d38064000-7f6d3c000000 ---p 00000000 00:00 0 
7f6d3c000000-7f6d3c021000 rw-p 00000000 00:00 0 
7f6d3c021000-7f6d40000000 ---p 00000000 00:00 0 
7f6d40000000-7f6d40021000 rw-p 00000000 00:00 0 
7f6d40021000-7f6d44000000 ---p 00000000 00:00 0 
7f6d44000000-7f6d44021000 rw-p 00000000 00:00 0 
7f6d44021000-7f6d48000000 ---p 00000000 00:00 0 
7f6d48000000-7f6d48030000 rw-p 00000000 00:00 0 
7f6d48030000-7f6d4c000000 ---p 00000000 00:00 0 
7f6d4f329000-7f6d4f6d2000 rw-p 00000000 00:00 0 
7f6d4f6d2000-7f6d4f6d6000 ---p 00000000 00:00 0 
7f6d4f6d6000-7f6d4f7d3000 rw-p 00000000 00:00 0 
7f6d4f7d3000-7f6d4f7d4000 ---p 00000000 00:00 0 
7f6d4f7d4000-7f6d4f8d5000 rw-p 00000000 00:00 0 
7f6d4f8d5000-7f6d4f8d9000 ---p 00000000 00:00 0 
7f6d4f8d9000-7f6d4f9d6000 rw-p 00000000 00:00 0 
7f6d4f9d6000-7f6d4f9ec000 r-xp 00000000 08:01 4726847                    /home/bernardo/Java/Openjdk11/openjdk-11_linux-x64_bin/jdk-11/lib/libnet.so
7f6d4f9ec000-7f6d4fbeb000 ---p 00016000 08:01 4726847                    /home/bernardo/Java/Openjdk11/openjdk-11_linux-x64_bin/jdk-11/lib/libnet.so
7f6d4fbeb000-7f6d4fbec000 r--p 00015000 08:01 4726847                    /home/bernardo/Java/Openjdk11/openjdk-11_linux-x64_bin/jdk-11/lib/libnet.so
7f6d4fbec000-7f6d4fbed000 rw-p 00016000 08:01 4726847                    /home/bernardo/Java/Openjdk11/openjdk-11_linux-x64_bin/jdk-11/lib/libnet.so
7f6d4fbed000-7f6d4fbfd000 r-xp 00000000 08:01 4726848                    /home/bernardo/Java/Openjdk11/openjdk-11_linux-x64_bin/jdk-11/lib/libnio.so
7f6d4fbfd000-7f6d4fdfc000 ---p 00010000 08:01 4726848                    /home/bernardo/Java/Openjdk11/openjdk-11_linux-x64_bin/jdk-11/lib/libnio.so
7f6d4fdfc000-7f6d4fdfd000 r--p 0000f000 08:01 4726848                    /home/bernardo/Java/Openjdk11/openjdk-11_linux-x64_bin/jdk-11/lib/libnio.so
7f6d4fdfd000-7f6d4fdfe000 rw-p 00010000 08:01 4726848                    /home/bernardo/Java/Openjdk11/openjdk-11_linux-x64_bin/jdk-11/lib/libnio.so
7f6d4fdfe000-7f6d4fe02000 ---p 00000000 00:00 0 
7f6d4fe02000-7f6d4feff000 rw-p 00000000 00:00 0 
7f6d4feff000-7f6d4ff03000 ---p 00000000 00:00 0 
7f6d4ff03000-7f6d50000000 rw-p 00000000 00:00 0 
7f6d50000000-7f6d50021000 rw-p 00000000 00:00 0 
7f6d50021000-7f6d54000000 ---p 00000000 00:00 0 
7f6d54000000-7f6d54292000 rw-p 00000000 00:00 0 
7f6d54292000-7f6d58000000 ---p 00000000 00:00 0 
7f6d58000000-7f6d582b4000 rw-p 00000000 00:00 0 
7f6d582b4000-7f6d5c000000 ---p 00000000 00:00 0 
7f6d5c000000-7f6d5c021000 rw-p 00000000 00:00 0 
7f6d5c021000-7f6d60000000 ---p 00000000 00:00 0 
7f6d60000000-7f6d60021000 rw-p 00000000 00:00 0 
7f6d60021000-7f6d64000000 ---p 00000000 00:00 0 
7f6d64000000-7f6d64996000 rw-p 00000000 00:00 0 
7f6d64996000-7f6d68000000 ---p 00000000 00:00 0 
7f6d68000000-7f6d68021000 rw-p 00000000 00:00 0 
7f6d68021000-7f6d6c000000 ---p 00000000 00:00 0 
7f6d6c000000-7f6d6c021000 rw-p 00000000 00:00 0 
7f6d6c021000-7f6d70000000 ---p 00000000 00:00 0 
7f6d70000000-7f6d70021000 rw-p 00000000 00:00 0 
7f6d70021000-7f6d74000000 ---p 00000000 00:00 0 
7f6d74000000-7f6d7403a000 rw-p 00000000 00:00 0 
7f6d7403a000-7f6d78000000 ---p 00000000 00:00 0 
7f6d78000000-7f6d78021000 rw-p 00000000 00:00 0 
7f6d78021000-7f6d7c000000 ---p 00000000 00:00 0 
7f6d7c000000-7f6d7c021000 rw-p 00000000 00:00 0 
7f6d7c021000-7f6d80000000 ---p 00000000 00:00 0 
7f6d80000000-7f6d80021000 rw-p 00000000 00:00 0 
7f6d80021000-7f6d84000000 ---p 00000000 00:00 0 
7f6d840a0000-7f6d840a4000 ---p 00000000 00:00 0 
7f6d840a4000-7f6d841a1000 rw-p 00000000 00:00 0 
7f6d841a1000-7f6d841a5000 r-xp 00000000 08:01 4726827                    /home/bernardo/Java/Openjdk11/openjdk-11_linux-x64_bin/jdk-11/lib/libdt_socket.so
7f6d841a5000-7f6d843a5000 ---p 00004000 08:01 4726827                    /home/bernardo/Java/Openjdk11/openjdk-11_linux-x64_bin/jdk-11/lib/libdt_socket.so
7f6d843a5000-7f6d843a6000 r--p 00004000 08:01 4726827                    /home/bernardo/Java/Openjdk11/openjdk-11_linux-x64_bin/jdk-11/lib/libdt_socket.so
7f6d843a6000-7f6d843a7000 rw-p 00005000 08:01 4726827                    /home/bernardo/Java/Openjdk11/openjdk-11_linux-x64_bin/jdk-11/lib/libdt_socket.so
7f6d843a7000-7f6d843ab000 ---p 00000000 00:00 0 
7f6d843ab000-7f6d844a8000 rw-p 00000000 00:00 0 
7f6d844a8000-7f6d844ac000 ---p 00000000 00:00 0 
7f6d844ac000-7f6d845a9000 rw-p 00000000 00:00 0 
7f6d845a9000-7f6d845ad000 ---p 00000000 00:00 0 
7f6d845ad000-7f6d846aa000 rw-p 00000000 00:00 0 
7f6d846aa000-7f6d846ae000 ---p 00000000 00:00 0 
7f6d846ae000-7f6d847ab000 rw-p 00000000 00:00 0 
7f6d847ab000-7f6d847af000 ---p 00000000 00:00 0 
7f6d847af000-7f6d848ac000 rw-p 00000000 00:00 0 
7f6d848ac000-7f6d848b0000 ---p 00000000 00:00 0 
7f6d848b0000-7f6d849ad000 rw-p 00000000 00:00 0 
7f6d849ad000-7f6d849b1000 ---p 00000000 00:00 0 
7f6d849b1000-7f6d84aae000 rw-p 00000000 00:00 0 
7f6d84aae000-7f6d84ab2000 ---p 00000000 00:00 0 
7f6d84ab2000-7f6d84baf000 rw-p 00000000 00:00 0 
7f6d84baf000-7f6d84bb0000 ---p 00000000 00:00 0 
7f6d84bb0000-7f6d854b1000 rw-p 00000000 00:00 0 
7f6d854b1000-7f6d854b2000 ---p 00000000 00:00 0 
7f6d854b2000-7f6d855b3000 rw-p 00000000 00:00 0 
7f6d855b3000-7f6d855b4000 ---p 00000000 00:00 0 
7f6d855b4000-7f6d87ea9000 rw-p 00000000 00:00 0 
7f6d87ea9000-7f6d8b971000 ---p 00000000 00:00 0 
7f6d8b971000-7f6d8bd61000 rw-p 00000000 00:00 0 
7f6d8bd61000-7f6d8f829000 ---p 00000000 00:00 0 
7f6d8f829000-7f6d8f8a7000 rw-p 00000000 00:00 0 
7f6d8f8a7000-7f6d90000000 ---p 00000000 00:00 0 
7f6d90000000-7f6d90021000 rw-p 00000000 00:00 0 
7f6d90021000-7f6d94000000 ---p 00000000 00:00 0 
7f6d94002000-7f6d94505000 rw-p 00000000 00:00 0 
7f6d94505000-7f6d94c5e000 ---p 00000000 00:00 0 
7f6d94c5e000-7f6d94ece000 rwxp 00000000 00:00 0 
7f6d94ece000-7f6d951ef000 ---p 00000000 00:00 0 
7f6d951ef000-7f6d9545f000 rwxp 00000000 00:00 0 
7f6d9545f000-7f6d9c726000 ---p 00000000 00:00 0 
7f6d9c726000-7f6d9c996000 rwxp 00000000 00:00 0 
7f6d9c996000-7f6da3c5e000 ---p 00000000 00:00 0 
7f6da3c5e000-7f6dac000000 r--s 00000000 08:01 4726858                    /home/bernardo/Java/Openjdk11/openjdk-11_linux-x64_bin/jdk-11/lib/modules
7f6dac000000-7f6dac587000 rw-p 00000000 00:00 0 
7f6dac587000-7f6db0000000 ---p 00000000 00:00 0 
7f6db0001000-7f6db0203000 rw-p 00000000 00:00 0 
7f6db0203000-7f6db0204000 ---p 00000000 00:00 0 
7f6db0204000-7f6db0305000 rw-p 00000000 00:00 0 
7f6db0305000-7f6db0306000 ---p 00000000 00:00 0 
7f6db0306000-7f6db0588000 rw-p 00000000 00:00 0 
7f6db0588000-7f6db0ce1000 ---p 00000000 00:00 0 
7f6db0ce1000-7f6db16eb000 rw-p 00000000 00:00 0 
7f6db16eb000-7f6db16ec000 ---p 00000000 00:00 0 
7f6db16ec000-7f6db17f2000 rw-p 00000000 00:00 0 
7f6db17f2000-7f6db18d8000 ---p 00000000 00:00 0 
7f6db18d8000-7f6db18dd000 rw-p 00000000 00:00 0 
7f6db18dd000-7f6db19c3000 ---p 00000000 00:00 0 
7f6db19c3000-7f6db19de000 r-xp 00000000 08:01 4726839                    /home/bernardo/Java/Openjdk11/openjdk-11_linux-x64_bin/jdk-11/lib/libjimage.so
7f6db19de000-7f6db1bdd000 ---p 0001b000 08:01 4726839                    /home/bernardo/Java/Openjdk11/openjdk-11_linux-x64_bin/jdk-11/lib/libjimage.so
7f6db1bdd000-7f6db1bdf000 r--p 0001a000 08:01 4726839                    /home/bernardo/Java/Openjdk11/openjdk-11_linux-x64_bin/jdk-11/lib/libjimage.so
7f6db1bdf000-7f6db1be0000 rw-p 0001c000 08:01 4726839                    /home/bernardo/Java/Openjdk11/openjdk-11_linux-x64_bin/jdk-11/lib/libjimage.so
7f6db1be0000-7f6db1be7000 r-xp 00000000 08:01 4726857                    /home/bernardo/Java/Openjdk11/openjdk-11_linux-x64_bin/jdk-11/lib/libzip.so
7f6db1be7000-7f6db1de6000 ---p 00007000 08:01 4726857                    /home/bernardo/Java/Openjdk11/openjdk-11_linux-x64_bin/jdk-11/lib/libzip.so
7f6db1de6000-7f6db1de7000 r--p 00006000 08:01 4726857                    /home/bernardo/Java/Openjdk11/openjdk-11_linux-x64_bin/jdk-11/lib/libzip.so
7f6db1de7000-7f6db1de8000 rw-p 00007000 08:01 4726857                    /home/bernardo/Java/Openjdk11/openjdk-11_linux-x64_bin/jdk-11/lib/libzip.so
7f6db1de8000-7f6db1df3000 r-xp 00000000 08:15 661159                     /lib/x86_64-linux-gnu/libnss_files-2.27.so
7f6db1df3000-7f6db1ff2000 ---p 0000b000 08:15 661159                     /lib/x86_64-linux-gnu/libnss_files-2.27.so
7f6db1ff2000-7f6db1ff3000 r--p 0000a000 08:15 661159                     /lib/x86_64-linux-gnu/libnss_files-2.27.so
7f6db1ff3000-7f6db1ff4000 rw-p 0000b000 08:15 661159                     /lib/x86_64-linux-gnu/libnss_files-2.27.so
7f6db1ff4000-7f6db1ffa000 rw-p 00000000 00:00 0 
7f6db1ffa000-7f6db2011000 r-xp 00000000 08:15 661153                     /lib/x86_64-linux-gnu/libnsl-2.27.so
7f6db2011000-7f6db2210000 ---p 00017000 08:15 661153                     /lib/x86_64-linux-gnu/libnsl-2.27.so
7f6db2210000-7f6db2211000 r--p 00016000 08:15 661153                     /lib/x86_64-linux-gnu/libnsl-2.27.so
7f6db2211000-7f6db2212000 rw-p 00017000 08:15 661153                     /lib/x86_64-linux-gnu/libnsl-2.27.so
7f6db2212000-7f6db2214000 rw-p 00000000 00:00 0 
7f6db2214000-7f6db221f000 r-xp 00000000 08:15 661170                     /lib/x86_64-linux-gnu/libnss_nis-2.27.so
7f6db221f000-7f6db241e000 ---p 0000b000 08:15 661170                     /lib/x86_64-linux-gnu/libnss_nis-2.27.so
7f6db241e000-7f6db241f000 r--p 0000a000 08:15 661170                     /lib/x86_64-linux-gnu/libnss_nis-2.27.so
7f6db241f000-7f6db2420000 rw-p 0000b000 08:15 661170                     /lib/x86_64-linux-gnu/libnss_nis-2.27.so
7f6db2420000-7f6db2428000 r-xp 00000000 08:15 661155                     /lib/x86_64-linux-gnu/libnss_compat-2.27.so
7f6db2428000-7f6db2628000 ---p 00008000 08:15 661155                     /lib/x86_64-linux-gnu/libnss_compat-2.27.so
7f6db2628000-7f6db2629000 r--p 00008000 08:15 661155                     /lib/x86_64-linux-gnu/libnss_compat-2.27.so
7f6db2629000-7f6db262a000 rw-p 00009000 08:15 661155                     /lib/x86_64-linux-gnu/libnss_compat-2.27.so
7f6db262a000-7f6db2ff9000 r--p 00000000 08:15 1316939                    /usr/lib/locale/locale-archive
7f6db2ff9000-7f6db3003000 r-xp 00000000 08:01 4726830                    /home/bernardo/Java/Openjdk11/openjdk-11_linux-x64_bin/jdk-11/lib/libinstrument.so
7f6db3003000-7f6db3202000 ---p 0000a000 08:01 4726830                    /home/bernardo/Java/Openjdk11/openjdk-11_linux-x64_bin/jdk-11/lib/libinstrument.so
7f6db3202000-7f6db3203000 r--p 00009000 08:01 4726830                    /home/bernardo/Java/Openjdk11/openjdk-11_linux-x64_bin/jdk-11/lib/libinstrument.so
7f6db3203000-7f6db3204000 rw-p 0000a000 08:01 4726830                    /home/bernardo/Java/Openjdk11/openjdk-11_linux-x64_bin/jdk-11/lib/libinstrument.so
7f6db3204000-7f6db323f000 r-xp 00000000 08:01 4726838                    /home/bernardo/Java/Openjdk11/openjdk-11_linux-x64_bin/jdk-11/lib/libjdwp.so
7f6db323f000-7f6db343e000 ---p 0003b000 08:01 4726838                    /home/bernardo/Java/Openjdk11/openjdk-11_linux-x64_bin/jdk-11/lib/libjdwp.so
7f6db343e000-7f6db343f000 r--p 0003a000 08:01 4726838                    /home/bernardo/Java/Openjdk11/openjdk-11_linux-x64_bin/jdk-11/lib/libjdwp.so
7f6db343f000-7f6db3440000 rw-p 0003b000 08:01 4726838                    /home/bernardo/Java/Openjdk11/openjdk-11_linux-x64_bin/jdk-11/lib/libjdwp.so
7f6db3440000-7f6db346b000 r-xp 00000000 08:01 4726835                    /home/bernardo/Java/Openjdk11/openjdk-11_linux-x64_bin/jdk-11/lib/libjava.so
7f6db346b000-7f6db366a000 ---p 0002b000 08:01 4726835                    /home/bernardo/Java/Openjdk11/openjdk-11_linux-x64_bin/jdk-11/lib/libjava.so
7f6db366a000-7f6db366b000 r--p 0002a000 08:01 4726835                    /home/bernardo/Java/Openjdk11/openjdk-11_linux-x64_bin/jdk-11/lib/libjava.so
7f6db366b000-7f6db366d000 rw-p 0002b000 08:01 4726835                    /home/bernardo/Java/Openjdk11/openjdk-11_linux-x64_bin/jdk-11/lib/libjava.so
7f6db366d000-7f6db367a000 r-xp 00000000 08:01 4726856                    /home/bernardo/Java/Openjdk11/openjdk-11_linux-x64_bin/jdk-11/lib/libverify.so
7f6db367a000-7f6db3879000 ---p 0000d000 08:01 4726856                    /home/bernardo/Java/Openjdk11/openjdk-11_linux-x64_bin/jdk-11/lib/libverify.so
7f6db3879000-7f6db387b000 r--p 0000c000 08:01 4726856                    /home/bernardo/Java/Openjdk11/openjdk-11_linux-x64_bin/jdk-11/lib/libverify.so
7f6db387b000-7f6db387c000 rw-p 0000e000 08:01 4726856                    /home/bernardo/Java/Openjdk11/openjdk-11_linux-x64_bin/jdk-11/lib/libverify.so
7f6db387c000-7f6db3883000 r-xp 00000000 08:15 661210                     /lib/x86_64-linux-gnu/librt-2.27.so
7f6db3883000-7f6db3a82000 ---p 00007000 08:15 661210                     /lib/x86_64-linux-gnu/librt-2.27.so
7f6db3a82000-7f6db3a83000 r--p 00006000 08:15 661210                     /lib/x86_64-linux-gnu/librt-2.27.so
7f6db3a83000-7f6db3a84000 rw-p 00007000 08:15 661210                     /lib/x86_64-linux-gnu/librt-2.27.so
7f6db3a84000-7f6db3c21000 r-xp 00000000 08:15 661132                     /lib/x86_64-linux-gnu/libm-2.27.so
7f6db3c21000-7f6db3e20000 ---p 0019d000 08:15 661132                     /lib/x86_64-linux-gnu/libm-2.27.so
7f6db3e20000-7f6db3e21000 r--p 0019c000 08:15 661132                     /lib/x86_64-linux-gnu/libm-2.27.so
7f6db3e21000-7f6db3e22000 rw-p 0019d000 08:15 661132                     /lib/x86_64-linux-gnu/libm-2.27.so
7f6db3e22000-7f6db4fa8000 r-xp 00000000 08:01 4726869                    /home/bernardo/Java/Openjdk11/openjdk-11_linux-x64_bin/jdk-11/lib/server/libjvm.so
7f6db4fa8000-7f6db51a7000 ---p 01186000 08:01 4726869                    /home/bernardo/Java/Openjdk11/openjdk-11_linux-x64_bin/jdk-11/lib/server/libjvm.so
7f6db51a7000-7f6db5271000 r--p 01185000 08:01 4726869                    /home/bernardo/Java/Openjdk11/openjdk-11_linux-x64_bin/jdk-11/lib/server/libjvm.so
7f6db5271000-7f6db52ab000 rw-p 0124f000 08:01 4726869                    /home/bernardo/Java/Openjdk11/openjdk-11_linux-x64_bin/jdk-11/lib/server/libjvm.so
7f6db52ab000-7f6db5301000 rw-p 00000000 00:00 0 
7f6db5301000-7f6db54e8000 r-xp 00000000 08:15 661069                     /lib/x86_64-linux-gnu/libc-2.27.so
7f6db54e8000-7f6db56e8000 ---p 001e7000 08:15 661069                     /lib/x86_64-linux-gnu/libc-2.27.so
7f6db56e8000-7f6db56ec000 r--p 001e7000 08:15 661069                     /lib/x86_64-linux-gnu/libc-2.27.so
7f6db56ec000-7f6db56ee000 rw-p 001eb000 08:15 661069                     /lib/x86_64-linux-gnu/libc-2.27.so
7f6db56ee000-7f6db56f2000 rw-p 00000000 00:00 0 
7f6db56f2000-7f6db56f5000 r-xp 00000000 08:15 661092                     /lib/x86_64-linux-gnu/libdl-2.27.so
7f6db56f5000-7f6db58f4000 ---p 00003000 08:15 661092                     /lib/x86_64-linux-gnu/libdl-2.27.so
7f6db58f4000-7f6db58f5000 r--p 00002000 08:15 661092                     /lib/x86_64-linux-gnu/libdl-2.27.so
7f6db58f5000-7f6db58f6000 rw-p 00003000 08:15 661092                     /lib/x86_64-linux-gnu/libdl-2.27.so
7f6db58f6000-7f6db5905000 r-xp 00000000 08:01 4726820                    /home/bernardo/Java/Openjdk11/openjdk-11_linux-x64_bin/jdk-11/lib/jli/libjli.so
7f6db5905000-7f6db5b05000 ---p 0000f000 08:01 4726820                    /home/bernardo/Java/Openjdk11/openjdk-11_linux-x64_bin/jdk-11/lib/jli/libjli.so
7f6db5b05000-7f6db5b06000 r--p 0000f000 08:01 4726820                    /home/bernardo/Java/Openjdk11/openjdk-11_linux-x64_bin/jdk-11/lib/jli/libjli.so
7f6db5b06000-7f6db5b07000 rw-p 00010000 08:01 4726820                    /home/bernardo/Java/Openjdk11/openjdk-11_linux-x64_bin/jdk-11/lib/jli/libjli.so
7f6db5b07000-7f6db5b21000 r-xp 00000000 08:15 661202                     /lib/x86_64-linux-gnu/libpthread-2.27.so
7f6db5b21000-7f6db5d20000 ---p 0001a000 08:15 661202                     /lib/x86_64-linux-gnu/libpthread-2.27.so
7f6db5d20000-7f6db5d21000 r--p 00019000 08:15 661202                     /lib/x86_64-linux-gnu/libpthread-2.27.so
7f6db5d21000-7f6db5d22000 rw-p 0001a000 08:15 661202                     /lib/x86_64-linux-gnu/libpthread-2.27.so
7f6db5d22000-7f6db5d26000 rw-p 00000000 00:00 0 
7f6db5d26000-7f6db5d42000 r-xp 00000000 08:15 661241                     /lib/x86_64-linux-gnu/libz.so.1.2.11
7f6db5d42000-7f6db5f41000 ---p 0001c000 08:15 661241                     /lib/x86_64-linux-gnu/libz.so.1.2.11
7f6db5f41000-7f6db5f42000 r--p 0001b000 08:15 661241                     /lib/x86_64-linux-gnu/libz.so.1.2.11
7f6db5f42000-7f6db5f43000 rw-p 0001c000 08:15 661241                     /lib/x86_64-linux-gnu/libz.so.1.2.11
7f6db5f43000-7f6db5f6a000 r-xp 00000000 08:15 661041                     /lib/x86_64-linux-gnu/ld-2.27.so
7f6db5fd6000-7f6db6031000 rw-p 00000000 00:00 0 
7f6db6031000-7f6db6035000 ---p 00000000 00:00 0 
7f6db6035000-7f6db6134000 rw-p 00000000 00:00 0 
7f6db6149000-7f6db6150000 r--s 00000000 08:15 1575649                    /usr/lib/x86_64-linux-gnu/gconv/gconv-modules.cache
7f6db6150000-7f6db6155000 rw-p 00000000 00:00 0 
7f6db6155000-7f6db615c000 ---p 00000000 00:00 0 
7f6db615c000-7f6db615e000 r--s 00001000 08:01 5116678                    /home/bernardo/Toolbox/apps/IDEA-U/ch-0/182.4505.22/lib/rt/debugger-agent-storage.jar
7f6db615e000-7f6db6166000 rw-s 00000000 08:15 1184962                    /tmp/hsperfdata_bernardo/6268
7f6db6166000-7f6db6167000 ---p 00000000 00:00 0 
7f6db6167000-7f6db6168000 r--p 00000000 00:00 0 
7f6db6168000-7f6db616a000 rw-p 00000000 00:00 0 
7f6db616a000-7f6db616b000 r--p 00027000 08:15 661041                     /lib/x86_64-linux-gnu/ld-2.27.so
7f6db616b000-7f6db616c000 rw-p 00028000 08:15 661041                     /lib/x86_64-linux-gnu/ld-2.27.so
7f6db616c000-7f6db616d000 rw-p 00000000 00:00 0 
7ffd882c0000-7ffd882e1000 rw-p 00000000 00:00 0                          [stack]
7ffd88315000-7ffd88318000 r--p 00000000 00:00 0                          [vvar]
7ffd88318000-7ffd8831a000 r-xp 00000000 00:00 0                          [vdso]
ffffffffff600000-ffffffffff601000 r-xp 00000000 00:00 0                  [vsyscall]


VM Arguments:
jvm_args: -agentlib:jdwp=transport=dt_socket,address=127.0.0.1:36055,suspend=y,server=n -javaagent:/home/bernardo/Toolbox/apps/IDEA-U/ch-0/182.4505.22/lib/rt/debugger-agent.jar=file:/tmp/capture.props -Dfile.encoding=UTF-8 
java_command: caoss.simulator.CAOSS
java_class_path (initial): /home/bernardo/FSO/caoss/out/production/FSO-TPC1:/home/bernardo/Toolbox/apps/IDEA-U/ch-0/182.4505.22/lib/idea_rt.jar
Launcher Type: SUN_STANDARD

[Global flags]
     intx CICompilerCount                          = 4                                         {product} {ergonomic}
     uint ConcGCThreads                            = 3                                         {product} {ergonomic}
     uint G1ConcRefinementThreads                  = 10                                        {product} {ergonomic}
   size_t G1HeapRegionSize                         = 1048576                                   {product} {ergonomic}
    uintx GCDrainStackTargetSize                   = 64                                        {product} {ergonomic}
   size_t InitialHeapSize                          = 264241152                                 {product} {ergonomic}
   size_t MarkStackSize                            = 4194304                                   {product} {ergonomic}
   size_t MaxHeapSize                              = 4208984064                                {product} {ergonomic}
   size_t MaxNewSize                               = 2524971008                                {product} {ergonomic}
   size_t MinHeapDeltaBytes                        = 1048576                                   {product} {ergonomic}
    uintx NonNMethodCodeHeapSize                   = 5835340                                {pd product} {ergonomic}
    uintx NonProfiledCodeHeapSize                  = 122911450                              {pd product} {ergonomic}
    uintx ProfiledCodeHeapSize                     = 122911450                              {pd product} {ergonomic}
    uintx ReservedCodeCacheSize                    = 251658240                              {pd product} {ergonomic}
     bool SegmentedCodeCache                       = true                                      {product} {ergonomic}
     bool UseCompressedClassPointers               = true                                 {lp64_product} {ergonomic}
     bool UseCompressedOops                        = true                                 {lp64_product} {ergonomic}
     bool UseG1GC                                  = true                                      {product} {ergonomic}

Logging:
Log output configuration:
 #0: stdout all=warning uptime,level,tags
 #1: stderr all=off uptime,level,tags

Environment Variables:
PATH=/usr/local/sbin:/usr/local/bin:/usr/sbin:/usr/bin:/sbin:/bin:/usr/games:/usr/local/games:/snap/bin
USERNAME=bernardo
SHELL=/bin/bash
DISPLAY=:0

Signal Handlers:
SIGSEGV: [libjvm.so+0xe58ad0], sa_mask[0]=11111111011111111101111111111110, sa_flags=SA_RESTART|SA_SIGINFO
SIGBUS: [libjvm.so+0xe58ad0], sa_mask[0]=11111111011111111101111111111110, sa_flags=SA_RESTART|SA_SIGINFO
SIGFPE: [libjvm.so+0xe58ad0], sa_mask[0]=11111111011111111101111111111110, sa_flags=SA_RESTART|SA_SIGINFO
SIGPIPE: [libjvm.so+0xc2ebd0], sa_mask[0]=11111111011111111101111111111110, sa_flags=SA_RESTART|SA_SIGINFO
SIGXFSZ: [libjvm.so+0xc2ebd0], sa_mask[0]=11111111011111111101111111111110, sa_flags=SA_RESTART|SA_SIGINFO
SIGILL: [libjvm.so+0xe58ad0], sa_mask[0]=11111111011111111101111111111110, sa_flags=SA_RESTART|SA_SIGINFO
SIGUSR2: [libjvm.so+0xc2ea70], sa_mask[0]=00100000000000000000000000000000, sa_flags=SA_RESTART|SA_SIGINFO
SIGHUP: [libjvm.so+0xc2edd0], sa_mask[0]=11111111011111111101111111111110, sa_flags=SA_RESTART|SA_SIGINFO
SIGINT: [libjvm.so+0xc2edd0], sa_mask[0]=11111111011111111101111111111110, sa_flags=SA_RESTART|SA_SIGINFO
SIGTERM: [libjvm.so+0xc2edd0], sa_mask[0]=11111111011111111101111111111110, sa_flags=SA_RESTART|SA_SIGINFO
SIGQUIT: [libjvm.so+0xc2edd0], sa_mask[0]=11111111011111111101111111111110, sa_flags=SA_RESTART|SA_SIGINFO


---------------  S Y S T E M  ---------------

OS:DISTRIB_ID=Ubuntu
DISTRIB_RELEASE=18.04
DISTRIB_CODENAME=bionic
DISTRIB_DESCRIPTION="Ubuntu 18.04.1 LTS"
uname:Linux 4.18.14-041814-generic #201810130431 SMP Sat Oct 13 08:33:50 UTC 2018 x86_64
libc:glibc 2.27 NPTL 2.27 
rlimit: STACK 8192k, CORE 0k, NPROC 63522, NOFILE 1048576, AS infinity, DATA infinity, FSIZE infinity
load average:4,73 4,47 3,49

/proc/meminfo:
MemTotal:       16438468 kB
MemFree:         9615664 kB
MemAvailable:   11629740 kB
Buffers:          177032 kB
Cached:          2205184 kB
SwapCached:            0 kB
Active:          4818464 kB
Inactive:        1510096 kB
Active(anon):    3947480 kB
Inactive(anon):   176112 kB
Active(file):     870984 kB
Inactive(file):  1333984 kB
Unevictable:          32 kB
Mlocked:              32 kB
SwapTotal:      15624188 kB
SwapFree:       15624188 kB
Dirty:             27736 kB
Writeback:             0 kB
AnonPages:       3946600 kB
Mapped:           799948 kB
Shmem:            177404 kB
Slab:             208444 kB
SReclaimable:     118408 kB
SUnreclaim:        90036 kB
KernelStack:       27216 kB
PageTables:        73760 kB
NFS_Unstable:          0 kB
Bounce:                0 kB
WritebackTmp:          0 kB
CommitLimit:    23843420 kB
Committed_AS:   16419192 kB
VmallocTotal:   34359738367 kB
VmallocUsed:           0 kB
VmallocChunk:          0 kB
HardwareCorrupted:     0 kB
AnonHugePages:         0 kB
ShmemHugePages:        0 kB
ShmemPmdMapped:        0 kB
CmaTotal:              0 kB
CmaFree:               0 kB
HugePages_Total:       0
HugePages_Free:        0
HugePages_Rsvd:        0
HugePages_Surp:        0
Hugepagesize:       2048 kB
Hugetlb:               0 kB
DirectMap4k:      339584 kB
DirectMap2M:     9048064 kB
DirectMap1G:     8388608 kB


/proc/sys/kernel/threads-max (system-wide limit on the number of threads):
127044


/proc/sys/vm/max_map_count (maximum number of memory map areas a process may have):
65530


/proc/sys/kernel/pid_max (system-wide limit on number of process identifiers):
32768


container (cgroup) information:
container_type: cgroupv1
cpu_cpuset_cpus: 0-11
cpu_memory_nodes: 0
active_processor_count: 12
cpu_quota: -1
cpu_period: 100000
cpu_shares: -1
memory_limit_in_bytes: -1
memory_and_swap_limit_in_bytes: -2
memory_soft_limit_in_bytes: -1
memory_usage_in_bytes: 6480322560
memory_max_usage_in_bytes: 0


CPU:total 12 (initial active 12) (12 cores per cpu, 2 threads per core) family 23 model 1 stepping 1, cmov, cx8, fxsr, mmx, sse, sse2, sse3, ssse3, sse4.1, sse4.2, popcnt, avx, avx2, aes, clmul, mmxext, 3dnowpref, lzcnt, sse4a, ht, tsc, tscinvbit, tscinv, bmi1, bmi2, adx, sha, fma
CPU Model and flags from /proc/cpuinfo:
model name	: AMD Ryzen 5 1600 Six-Core Processor
flags		: fpu vme de pse tsc msr pae mce cx8 apic sep mtrr pge mca cmov pat pse36 clflush mmx fxsr sse sse2 ht syscall nx mmxext fxsr_opt pdpe1gb rdtscp lm constant_tsc rep_good nopl nonstop_tsc cpuid extd_apicid aperfmperf pni pclmulqdq monitor ssse3 fma cx16 sse4_1 sse4_2 movbe popcnt aes xsave avx f16c rdrand lahf_lm cmp_legacy svm extapic cr8_legacy abm sse4a misalignsse 3dnowprefetch osvw skinit wdt tce topoext perfctr_core perfctr_nb bpext perfctr_llc mwaitx cpb hw_pstate sme ssbd sev ibpb vmmcall fsgsbase bmi1 avx2 smep bmi2 rdseed adx smap clflushopt sha_ni xsaveopt xsavec xgetbv1 xsaves clzero irperf xsaveerptr arat npt lbrv svm_lock nrip_save tsc_scale vmcb_clean flushbyasid decodeassists pausefilter pfthreshold avic v_vmsave_vmload vgif overflow_recov succor smca

Memory: 4k page, physical 16438468k(9615664k free), swap 15624188k(15624188k free)

vm_info: OpenJDK 64-Bit Server VM (11+28) for linux-amd64 JRE (11+28), built on Aug 22 2018 18:55:06 by "mach5one" with gcc 7.3.0

END.
